status file for recon-all
Sun Jan 28 18:01:24 UTC 2018
#@# MotionCor Sun Jan 28 18:01:33 UTC 2018
#@# Talairach Sun Jan 28 18:02:02 UTC 2018
#@# Talairach Failure Detection Sun Jan 28 18:05:33 UTC 2018
#@# Nu Intensity Correction Sun Jan 28 18:05:33 UTC 2018
#@# Intensity Normalization Sun Jan 28 18:10:17 UTC 2018
#@# Skull Stripping Sun Jan 28 18:15:33 UTC 2018
#@# EM Registration Sun Jan 28 19:04:44 UTC 2018
#@# CA Normalize Sun Jan 28 19:41:43 UTC 2018
#@# CA Reg Sun Jan 28 19:45:30 UTC 2018
#@# SubCort Seg Mon Jan 29 03:07:27 UTC 2018
#@# Merge ASeg Mon Jan 29 06:07:16 UTC 2018
#@# Intensity Normalization2 Mon Jan 29 06:07:16 UTC 2018
#@# Mask BFS Mon Jan 29 06:15:40 UTC 2018
#@# WM Segmentation Mon Jan 29 06:15:45 UTC 2018
#@# Fill Mon Jan 29 06:21:40 UTC 2018
#@# Tessellate lh Mon Jan 29 06:23:38 UTC 2018
#@# Tessellate rh Mon Jan 29 06:23:52 UTC 2018
#@# Smooth1 lh Mon Jan 29 06:24:07 UTC 2018
#@# Smooth1 rh Mon Jan 29 06:24:19 UTC 2018
#@# Inflation1 lh Mon Jan 29 06:24:31 UTC 2018
#@# Inflation1 rh Mon Jan 29 06:25:43 UTC 2018
#@# QSphere lh Mon Jan 29 06:26:52 UTC 2018
#@# QSphere rh Mon Jan 29 06:34:32 UTC 2018
#@# Fix Topology Copy lh Mon Jan 29 06:41:42 UTC 2018
#@# Fix Topology Copy rh Mon Jan 29 06:41:42 UTC 2018
#@# Fix Topology lh Mon Jan 29 06:41:42 UTC 2018
#@# Fix Topology rh Mon Jan 29 07:40:03 UTC 2018
#@# Make White Surf lh Mon Jan 29 08:27:56 UTC 2018
#@# Make White Surf rh Mon Jan 29 08:38:15 UTC 2018
#@# Smooth2 lh Mon Jan 29 08:48:11 UTC 2018
#@# Smooth2 rh Mon Jan 29 08:48:23 UTC 2018
#@# Inflation2 lh Mon Jan 29 08:48:34 UTC 2018
#@# Inflation2 rh Mon Jan 29 08:49:45 UTC 2018
#@# Curv .H and .K lh Mon Jan 29 08:50:56 UTC 2018
#@# Curv .H and .K rh Mon Jan 29 08:53:43 UTC 2018
#@# Curvature Stats lh Mon Jan 29 08:56:30 UTC 2018
#@# Curvature Stats rh Mon Jan 29 08:56:38 UTC 2018
#@# Sphere lh Mon Jan 29 08:56:46 UTC 2018
#@# Sphere rh Mon Jan 29 10:42:42 UTC 2018
#@# Surf Reg lh Mon Jan 29 12:31:24 UTC 2018
#@# Surf Reg rh Mon Jan 29 13:46:44 UTC 2018
#@# Jacobian white lh Mon Jan 29 15:26:44 UTC 2018
#@# Jacobian white rh Mon Jan 29 15:26:48 UTC 2018
#@# AvgCurv lh Mon Jan 29 15:26:52 UTC 2018
#@# AvgCurv rh Mon Jan 29 15:26:55 UTC 2018
#@# Cortical Parc lh Mon Jan 29 15:26:58 UTC 2018
#@# Cortical Parc rh Mon Jan 29 15:27:29 UTC 2018
#@# Make Pial Surf lh Mon Jan 29 15:27:58 UTC 2018
#@# Make Pial Surf rh Mon Jan 29 15:56:05 UTC 2018
#@# Surf Volume lh Mon Jan 29 16:24:57 UTC 2018
#@# Surf Volume rh Mon Jan 29 16:25:03 UTC 2018
#@# Cortical ribbon mask Mon Jan 29 16:25:08 UTC 2018
#@# Parcellation Stats lh Mon Jan 29 16:43:40 UTC 2018
#@# Parcellation Stats rh Mon Jan 29 16:46:17 UTC 2018
#@# Cortical Parc 2 lh Mon Jan 29 16:48:58 UTC 2018
#@# Cortical Parc 2 rh Mon Jan 29 16:49:33 UTC 2018
#@# Parcellation Stats 2 lh Mon Jan 29 16:50:12 UTC 2018
#@# Parcellation Stats 2 rh Mon Jan 29 16:51:28 UTC 2018
#@# Cortical Parc 3 lh Mon Jan 29 16:52:47 UTC 2018
#@# Cortical Parc 3 rh Mon Jan 29 16:53:17 UTC 2018
#@# Parcellation Stats 3 lh Mon Jan 29 16:53:46 UTC 2018
#@# Parcellation Stats 3 rh Mon Jan 29 16:55:03 UTC 2018
#@# WM/GM Contrast lh Mon Jan 29 16:56:21 UTC 2018
#@# WM/GM Contrast rh Mon Jan 29 16:56:33 UTC 2018
#@# Relabel Hypointensities Mon Jan 29 16:56:45 UTC 2018
#@# AParc-to-ASeg aparc Mon Jan 29 16:57:34 UTC 2018
#@# AParc-to-ASeg a2009s Mon Jan 29 17:07:53 UTC 2018
#@# AParc-to-ASeg DKTatlas Mon Jan 29 17:17:17 UTC 2018
#@# APas-to-ASeg Mon Jan 29 17:26:16 UTC 2018
#@# ASeg Stats Mon Jan 29 17:26:28 UTC 2018
#@# WMParc Mon Jan 29 17:34:01 UTC 2018
#@# BA_exvivo Labels lh Mon Jan 29 17:52:55 UTC 2018
#@# BA_exvivo Labels rh Mon Jan 29 18:02:04 UTC 2018
recon-all -s 4107 finished without error at Mon Jan 29 18:11:06 UTC 2018
