/usr/local/freesurfer/subjects/3088/mri
/usr/local/freesurfer/bin/mri_nu_correct.mni
--i orig.mgz --o nu.mgz --uchar transforms/talairach.xfm --n 2
nIters 2
$Id: mri_nu_correct.mni,v 1.27 2016/02/26 16:19:49 mreuter Exp $
Linux ali-2 3.13.0-121-generic #170-Ubuntu SMP Wed Jun 14 09:04:33 UTC 2017 x86_64 x86_64 x86_64 GNU/Linux
Wed Jan 31 00:05:51 UTC 2018
Program nu_correct, built from:
Package MNI N3, version 1.12.0, compiled by nicks@terrier (x86_64-unknown-linux-gnu) on 2015-06-19 at 01:25:34
tmpdir is ./tmp.mri_nu_correct.mni.9736
/usr/local/freesurfer/subjects/3088/mri
mri_convert orig.mgz ./tmp.mri_nu_correct.mni.9736/nu0.mnc -odt float
mri_convert.bin orig.mgz ./tmp.mri_nu_correct.mni.9736/nu0.mnc -odt float 
$Id: mri_convert.c,v 1.226 2016/02/26 16:15:24 mreuter Exp $
reading from orig.mgz...
TR=0.00, TE=0.00, TI=0.00, flip angle=0.00
i_ras = (-1, 0, 0)
j_ras = (0, 0, -1)
k_ras = (0, 1, 0)
changing data type from uchar to float (noscale = 0)...
writing to ./tmp.mri_nu_correct.mni.9736/nu0.mnc...
 
--------------------------------------------------------
Iteration 1 Wed Jan 31 00:06:00 UTC 2018
nu_correct -clobber ./tmp.mri_nu_correct.mni.9736/nu0.mnc ./tmp.mri_nu_correct.mni.9736/nu1.mnc -tmpdir ./tmp.mri_nu_correct.mni.9736/0/
perl: warning: Setting locale failed.
perl: warning: Please check that your locale settings:
	LANGUAGE = (unset),
	LC_ALL = (unset),
	LC_TIME = "en_CA.UTF-8",
	LC_MONETARY = "en_CA.UTF-8",
	LC_ADDRESS = "en_CA.UTF-8",
	LC_TELEPHONE = "en_CA.UTF-8",
	LC_NAME = "en_CA.UTF-8",
	LC_MEASUREMENT = "en_CA.UTF-8",
	LC_IDENTIFICATION = "en_CA.UTF-8",
	LC_NUMERIC = "en_CA.UTF-8",
	LC_PAPER = "en_CA.UTF-8",
	LANG = "C"
    are supported and installed on your system.
perl: warning: Falling back to the standard locale ("C").
perl: warning: Setting locale failed.
perl: warning: Please check that your locale settings:
	LANGUAGE = (unset),
	LC_ALL = (unset),
	LC_TIME = "en_CA.UTF-8",
	LC_MONETARY = "en_CA.UTF-8",
	LC_ADDRESS = "en_CA.UTF-8",
	LC_TELEPHONE = "en_CA.UTF-8",
	LC_NAME = "en_CA.UTF-8",
	LC_MEASUREMENT = "en_CA.UTF-8",
	LC_IDENTIFICATION = "en_CA.UTF-8",
	LC_NUMERIC = "en_CA.UTF-8",
	LC_PAPER = "en_CA.UTF-8",
	LANG = "C"
    are supported and installed on your system.
perl: warning: Falling back to the standard locale ("C").
[ubuntu@ali-2:/usr/local/freesurfer/subjects/3088/mri/] [2018-01-31 00:06:00] running:
  /usr/local/freesurfer/mni/bin/nu_estimate_np_and_em -parzen -log -sharpen 0.15 0.01 -iterations 50 -stop 0.001 -shrink 4 -auto_mask -nonotify -b_spline 1.0e-7 -distance 200 -quiet -execute -clobber -nokeeptmp -tmpdir ./tmp.mri_nu_correct.mni.9736/0/ ./tmp.mri_nu_correct.mni.9736/nu0.mnc ./tmp.mri_nu_correct.mni.9736/nu1.imp

perl: warning: Setting locale failed.
perl: warning: Please check that your locale settings:
	LANGUAGE = (unset),
	LC_ALL = (unset),
	LC_TIME = "en_CA.UTF-8",
	LC_MONETARY = "en_CA.UTF-8",
	LC_ADDRESS = "en_CA.UTF-8",
	LC_TELEPHONE = "en_CA.UTF-8",
	LC_NAME = "en_CA.UTF-8",
	LC_MEASUREMENT = "en_CA.UTF-8",
	LC_IDENTIFICATION = "en_CA.UTF-8",
	LC_NUMERIC = "en_CA.UTF-8",
	LC_PAPER = "en_CA.UTF-8",
	LANG = "C"
    are supported and installed on your system.
perl: warning: Falling back to the standard locale ("C").
Processing:.................................................................Done
perl: warning: Setting locale failed.
perl: warning: Please check that your locale settings:
	LANGUAGE = (unset),
	LC_ALL = (unset),
	LC_TIME = "en_CA.UTF-8",
	LC_MONETARY = "en_CA.UTF-8",
	LC_ADDRESS = "en_CA.UTF-8",
	LC_TELEPHONE = "en_CA.UTF-8",
	LC_NAME = "en_CA.UTF-8",
	LC_MEASUREMENT = "en_CA.UTF-8",
	LC_IDENTIFICATION = "en_CA.UTF-8",
	LC_NUMERIC = "en_CA.UTF-8",
	LC_PAPER = "en_CA.UTF-8",
	LANG = "C"
    are supported and installed on your system.
perl: warning: Falling back to the standard locale ("C").
Processing:.................................................................Done
perl: warning: Setting locale failed.
perl: warning: Please check that your locale settings:
	LANGUAGE = (unset),
	LC_ALL = (unset),
	LC_TIME = "en_CA.UTF-8",
	LC_MONETARY = "en_CA.UTF-8",
	LC_ADDRESS = "en_CA.UTF-8",
	LC_TELEPHONE = "en_CA.UTF-8",
	LC_NAME = "en_CA.UTF-8",
	LC_MEASUREMENT = "en_CA.UTF-8",
	LC_IDENTIFICATION = "en_CA.UTF-8",
	LC_NUMERIC = "en_CA.UTF-8",
	LC_PAPER = "en_CA.UTF-8",
	LANG = "C"
    are supported and installed on your system.
perl: warning: Falling back to the standard locale ("C").
Processing:.................................................................Done
perl: warning: Setting locale failed.
perl: warning: Please check that your locale settings:
	LANGUAGE = (unset),
	LC_ALL = (unset),
	LC_TIME = "en_CA.UTF-8",
	LC_MONETARY = "en_CA.UTF-8",
	LC_ADDRESS = "en_CA.UTF-8",
	LC_TELEPHONE = "en_CA.UTF-8",
	LC_NAME = "en_CA.UTF-8",
	LC_MEASUREMENT = "en_CA.UTF-8",
	LC_IDENTIFICATION = "en_CA.UTF-8",
	LC_NUMERIC = "en_CA.UTF-8",
	LC_PAPER = "en_CA.UTF-8",
	LANG = "C"
    are supported and installed on your system.
perl: warning: Falling back to the standard locale ("C").
Processing:.................................................................Done
perl: warning: Setting locale failed.
perl: warning: Please check that your locale settings:
	LANGUAGE = (unset),
	LC_ALL = (unset),
	LC_TIME = "en_CA.UTF-8",
	LC_MONETARY = "en_CA.UTF-8",
	LC_ADDRESS = "en_CA.UTF-8",
	LC_TELEPHONE = "en_CA.UTF-8",
	LC_NAME = "en_CA.UTF-8",
	LC_MEASUREMENT = "en_CA.UTF-8",
	LC_IDENTIFICATION = "en_CA.UTF-8",
	LC_NUMERIC = "en_CA.UTF-8",
	LC_PAPER = "en_CA.UTF-8",
	LANG = "C"
    are supported and installed on your system.
perl: warning: Falling back to the standard locale ("C").
Processing:.................................................................Done
perl: warning: Setting locale failed.
perl: warning: Please check that your locale settings:
	LANGUAGE = (unset),
	LC_ALL = (unset),
	LC_TIME = "en_CA.UTF-8",
	LC_MONETARY = "en_CA.UTF-8",
	LC_ADDRESS = "en_CA.UTF-8",
	LC_TELEPHONE = "en_CA.UTF-8",
	LC_NAME = "en_CA.UTF-8",
	LC_MEASUREMENT = "en_CA.UTF-8",
	LC_IDENTIFICATION = "en_CA.UTF-8",
	LC_NUMERIC = "en_CA.UTF-8",
	LC_PAPER = "en_CA.UTF-8",
	LANG = "C"
    are supported and installed on your system.
perl: warning: Falling back to the standard locale ("C").
Processing:.................................................................Done
perl: warning: Setting locale failed.
perl: warning: Please check that your locale settings:
	LANGUAGE = (unset),
	LC_ALL = (unset),
	LC_TIME = "en_CA.UTF-8",
	LC_MONETARY = "en_CA.UTF-8",
	LC_ADDRESS = "en_CA.UTF-8",
	LC_TELEPHONE = "en_CA.UTF-8",
	LC_NAME = "en_CA.UTF-8",
	LC_MEASUREMENT = "en_CA.UTF-8",
	LC_IDENTIFICATION = "en_CA.UTF-8",
	LC_NUMERIC = "en_CA.UTF-8",
	LC_PAPER = "en_CA.UTF-8",
	LANG = "C"
    are supported and installed on your system.
perl: warning: Falling back to the standard locale ("C").
Processing:.................................................................Done
perl: warning: Setting locale failed.
perl: warning: Please check that your locale settings:
	LANGUAGE = (unset),
	LC_ALL = (unset),
	LC_TIME = "en_CA.UTF-8",
	LC_MONETARY = "en_CA.UTF-8",
	LC_ADDRESS = "en_CA.UTF-8",
	LC_TELEPHONE = "en_CA.UTF-8",
	LC_NAME = "en_CA.UTF-8",
	LC_MEASUREMENT = "en_CA.UTF-8",
	LC_IDENTIFICATION = "en_CA.UTF-8",
	LC_NUMERIC = "en_CA.UTF-8",
	LC_PAPER = "en_CA.UTF-8",
	LANG = "C"
    are supported and installed on your system.
perl: warning: Falling back to the standard locale ("C").
Processing:.................................................................Done
perl: warning: Setting locale failed.
perl: warning: Please check that your locale settings:
	LANGUAGE = (unset),
	LC_ALL = (unset),
	LC_TIME = "en_CA.UTF-8",
	LC_MONETARY = "en_CA.UTF-8",
	LC_ADDRESS = "en_CA.UTF-8",
	LC_TELEPHONE = "en_CA.UTF-8",
	LC_NAME = "en_CA.UTF-8",
	LC_MEASUREMENT = "en_CA.UTF-8",
	LC_IDENTIFICATION = "en_CA.UTF-8",
	LC_NUMERIC = "en_CA.UTF-8",
	LC_PAPER = "en_CA.UTF-8",
	LANG = "C"
    are supported and installed on your system.
perl: warning: Falling back to the standard locale ("C").
Processing:.................................................................Done
perl: warning: Setting locale failed.
perl: warning: Please check that your locale settings:
	LANGUAGE = (unset),
	LC_ALL = (unset),
	LC_TIME = "en_CA.UTF-8",
	LC_MONETARY = "en_CA.UTF-8",
	LC_ADDRESS = "en_CA.UTF-8",
	LC_TELEPHONE = "en_CA.UTF-8",
	LC_NAME = "en_CA.UTF-8",
	LC_MEASUREMENT = "en_CA.UTF-8",
	LC_IDENTIFICATION = "en_CA.UTF-8",
	LC_NUMERIC = "en_CA.UTF-8",
	LC_PAPER = "en_CA.UTF-8",
	LANG = "C"
    are supported and installed on your system.
perl: warning: Falling back to the standard locale ("C").
Processing:.................................................................Done
perl: warning: Setting locale failed.
perl: warning: Please check that your locale settings:
	LANGUAGE = (unset),
	LC_ALL = (unset),
	LC_TIME = "en_CA.UTF-8",
	LC_MONETARY = "en_CA.UTF-8",
	LC_ADDRESS = "en_CA.UTF-8",
	LC_TELEPHONE = "en_CA.UTF-8",
	LC_NAME = "en_CA.UTF-8",
	LC_MEASUREMENT = "en_CA.UTF-8",
	LC_IDENTIFICATION = "en_CA.UTF-8",
	LC_NUMERIC = "en_CA.UTF-8",
	LC_PAPER = "en_CA.UTF-8",
	LANG = "C"
    are supported and installed on your system.
perl: warning: Falling back to the standard locale ("C").
Processing:.................................................................Done
perl: warning: Setting locale failed.
perl: warning: Please check that your locale settings:
	LANGUAGE = (unset),
	LC_ALL = (unset),
	LC_TIME = "en_CA.UTF-8",
	LC_MONETARY = "en_CA.UTF-8",
	LC_ADDRESS = "en_CA.UTF-8",
	LC_TELEPHONE = "en_CA.UTF-8",
	LC_NAME = "en_CA.UTF-8",
	LC_MEASUREMENT = "en_CA.UTF-8",
	LC_IDENTIFICATION = "en_CA.UTF-8",
	LC_NUMERIC = "en_CA.UTF-8",
	LC_PAPER = "en_CA.UTF-8",
	LANG = "C"
    are supported and installed on your system.
perl: warning: Falling back to the standard locale ("C").
Processing:.................................................................Done
perl: warning: Setting locale failed.
perl: warning: Please check that your locale settings:
	LANGUAGE = (unset),
	LC_ALL = (unset),
	LC_TIME = "en_CA.UTF-8",
	LC_MONETARY = "en_CA.UTF-8",
	LC_ADDRESS = "en_CA.UTF-8",
	LC_TELEPHONE = "en_CA.UTF-8",
	LC_NAME = "en_CA.UTF-8",
	LC_MEASUREMENT = "en_CA.UTF-8",
	LC_IDENTIFICATION = "en_CA.UTF-8",
	LC_NUMERIC = "en_CA.UTF-8",
	LC_PAPER = "en_CA.UTF-8",
	LANG = "C"
    are supported and installed on your system.
perl: warning: Falling back to the standard locale ("C").
Processing:.................................................................Done
perl: warning: Setting locale failed.
perl: warning: Please check that your locale settings:
	LANGUAGE = (unset),
	LC_ALL = (unset),
	LC_TIME = "en_CA.UTF-8",
	LC_MONETARY = "en_CA.UTF-8",
	LC_ADDRESS = "en_CA.UTF-8",
	LC_TELEPHONE = "en_CA.UTF-8",
	LC_NAME = "en_CA.UTF-8",
	LC_MEASUREMENT = "en_CA.UTF-8",
	LC_IDENTIFICATION = "en_CA.UTF-8",
	LC_NUMERIC = "en_CA.UTF-8",
	LC_PAPER = "en_CA.UTF-8",
	LANG = "C"
    are supported and installed on your system.
perl: warning: Falling back to the standard locale ("C").
Processing:.................................................................Done
perl: warning: Setting locale failed.
perl: warning: Please check that your locale settings:
	LANGUAGE = (unset),
	LC_ALL = (unset),
	LC_TIME = "en_CA.UTF-8",
	LC_MONETARY = "en_CA.UTF-8",
	LC_ADDRESS = "en_CA.UTF-8",
	LC_TELEPHONE = "en_CA.UTF-8",
	LC_NAME = "en_CA.UTF-8",
	LC_MEASUREMENT = "en_CA.UTF-8",
	LC_IDENTIFICATION = "en_CA.UTF-8",
	LC_NUMERIC = "en_CA.UTF-8",
	LC_PAPER = "en_CA.UTF-8",
	LANG = "C"
    are supported and installed on your system.
perl: warning: Falling back to the standard locale ("C").
Processing:.................................................................Done
perl: warning: Setting locale failed.
perl: warning: Please check that your locale settings:
	LANGUAGE = (unset),
	LC_ALL = (unset),
	LC_TIME = "en_CA.UTF-8",
	LC_MONETARY = "en_CA.UTF-8",
	LC_ADDRESS = "en_CA.UTF-8",
	LC_TELEPHONE = "en_CA.UTF-8",
	LC_NAME = "en_CA.UTF-8",
	LC_MEASUREMENT = "en_CA.UTF-8",
	LC_IDENTIFICATION = "en_CA.UTF-8",
	LC_NUMERIC = "en_CA.UTF-8",
	LC_PAPER = "en_CA.UTF-8",
	LANG = "C"
    are supported and installed on your system.
perl: warning: Falling back to the standard locale ("C").
Processing:.................................................................Done
perl: warning: Setting locale failed.
perl: warning: Please check that your locale settings:
	LANGUAGE = (unset),
	LC_ALL = (unset),
	LC_TIME = "en_CA.UTF-8",
	LC_MONETARY = "en_CA.UTF-8",
	LC_ADDRESS = "en_CA.UTF-8",
	LC_TELEPHONE = "en_CA.UTF-8",
	LC_NAME = "en_CA.UTF-8",
	LC_MEASUREMENT = "en_CA.UTF-8",
	LC_IDENTIFICATION = "en_CA.UTF-8",
	LC_NUMERIC = "en_CA.UTF-8",
	LC_PAPER = "en_CA.UTF-8",
	LANG = "C"
    are supported and installed on your system.
perl: warning: Falling back to the standard locale ("C").
Processing:.................................................................Done
perl: warning: Setting locale failed.
perl: warning: Please check that your locale settings:
	LANGUAGE = (unset),
	LC_ALL = (unset),
	LC_TIME = "en_CA.UTF-8",
	LC_MONETARY = "en_CA.UTF-8",
	LC_ADDRESS = "en_CA.UTF-8",
	LC_TELEPHONE = "en_CA.UTF-8",
	LC_NAME = "en_CA.UTF-8",
	LC_MEASUREMENT = "en_CA.UTF-8",
	LC_IDENTIFICATION = "en_CA.UTF-8",
	LC_NUMERIC = "en_CA.UTF-8",
	LC_PAPER = "en_CA.UTF-8",
	LANG = "C"
    are supported and installed on your system.
perl: warning: Falling back to the standard locale ("C").
Processing:.................................................................Done
Number of iterations: 18 
CV of field change: 0.000986137
perl: warning: Setting locale failed.
perl: warning: Please check that your locale settings:
	LANGUAGE = (unset),
	LC_ALL = (unset),
	LC_TIME = "en_CA.UTF-8",
	LC_MONETARY = "en_CA.UTF-8",
	LC_ADDRESS = "en_CA.UTF-8",
	LC_TELEPHONE = "en_CA.UTF-8",
	LC_NAME = "en_CA.UTF-8",
	LC_MEASUREMENT = "en_CA.UTF-8",
	LC_IDENTIFICATION = "en_CA.UTF-8",
	LC_NUMERIC = "en_CA.UTF-8",
	LC_PAPER = "en_CA.UTF-8",
	LANG = "C"
    are supported and installed on your system.
perl: warning: Falling back to the standard locale ("C").
 
 
--------------------------------------------------------
Iteration 2 Wed Jan 31 00:07:37 UTC 2018
nu_correct -clobber ./tmp.mri_nu_correct.mni.9736/nu1.mnc ./tmp.mri_nu_correct.mni.9736/nu2.mnc -tmpdir ./tmp.mri_nu_correct.mni.9736/1/
perl: warning: Setting locale failed.
perl: warning: Please check that your locale settings:
	LANGUAGE = (unset),
	LC_ALL = (unset),
	LC_TIME = "en_CA.UTF-8",
	LC_MONETARY = "en_CA.UTF-8",
	LC_ADDRESS = "en_CA.UTF-8",
	LC_TELEPHONE = "en_CA.UTF-8",
	LC_NAME = "en_CA.UTF-8",
	LC_MEASUREMENT = "en_CA.UTF-8",
	LC_IDENTIFICATION = "en_CA.UTF-8",
	LC_NUMERIC = "en_CA.UTF-8",
	LC_PAPER = "en_CA.UTF-8",
	LANG = "C"
    are supported and installed on your system.
perl: warning: Falling back to the standard locale ("C").
perl: warning: Setting locale failed.
perl: warning: Please check that your locale settings:
	LANGUAGE = (unset),
	LC_ALL = (unset),
	LC_TIME = "en_CA.UTF-8",
	LC_MONETARY = "en_CA.UTF-8",
	LC_ADDRESS = "en_CA.UTF-8",
	LC_TELEPHONE = "en_CA.UTF-8",
	LC_NAME = "en_CA.UTF-8",
	LC_MEASUREMENT = "en_CA.UTF-8",
	LC_IDENTIFICATION = "en_CA.UTF-8",
	LC_NUMERIC = "en_CA.UTF-8",
	LC_PAPER = "en_CA.UTF-8",
	LANG = "C"
    are supported and installed on your system.
perl: warning: Falling back to the standard locale ("C").
[ubuntu@ali-2:/usr/local/freesurfer/subjects/3088/mri/] [2018-01-31 00:07:37] running:
  /usr/local/freesurfer/mni/bin/nu_estimate_np_and_em -parzen -log -sharpen 0.15 0.01 -iterations 50 -stop 0.001 -shrink 4 -auto_mask -nonotify -b_spline 1.0e-7 -distance 200 -quiet -execute -clobber -nokeeptmp -tmpdir ./tmp.mri_nu_correct.mni.9736/1/ ./tmp.mri_nu_correct.mni.9736/nu1.mnc ./tmp.mri_nu_correct.mni.9736/nu2.imp

perl: warning: Setting locale failed.
perl: warning: Please check that your locale settings:
	LANGUAGE = (unset),
	LC_ALL = (unset),
	LC_TIME = "en_CA.UTF-8",
	LC_MONETARY = "en_CA.UTF-8",
	LC_ADDRESS = "en_CA.UTF-8",
	LC_TELEPHONE = "en_CA.UTF-8",
	LC_NAME = "en_CA.UTF-8",
	LC_MEASUREMENT = "en_CA.UTF-8",
	LC_IDENTIFICATION = "en_CA.UTF-8",
	LC_NUMERIC = "en_CA.UTF-8",
	LC_PAPER = "en_CA.UTF-8",
	LANG = "C"
    are supported and installed on your system.
perl: warning: Falling back to the standard locale ("C").
Processing:.................................................................Done
perl: warning: Setting locale failed.
perl: warning: Please check that your locale settings:
	LANGUAGE = (unset),
	LC_ALL = (unset),
	LC_TIME = "en_CA.UTF-8",
	LC_MONETARY = "en_CA.UTF-8",
	LC_ADDRESS = "en_CA.UTF-8",
	LC_TELEPHONE = "en_CA.UTF-8",
	LC_NAME = "en_CA.UTF-8",
	LC_MEASUREMENT = "en_CA.UTF-8",
	LC_IDENTIFICATION = "en_CA.UTF-8",
	LC_NUMERIC = "en_CA.UTF-8",
	LC_PAPER = "en_CA.UTF-8",
	LANG = "C"
    are supported and installed on your system.
perl: warning: Falling back to the standard locale ("C").
Processing:.................................................................Done
perl: warning: Setting locale failed.
perl: warning: Please check that your locale settings:
	LANGUAGE = (unset),
	LC_ALL = (unset),
	LC_TIME = "en_CA.UTF-8",
	LC_MONETARY = "en_CA.UTF-8",
	LC_ADDRESS = "en_CA.UTF-8",
	LC_TELEPHONE = "en_CA.UTF-8",
	LC_NAME = "en_CA.UTF-8",
	LC_MEASUREMENT = "en_CA.UTF-8",
	LC_IDENTIFICATION = "en_CA.UTF-8",
	LC_NUMERIC = "en_CA.UTF-8",
	LC_PAPER = "en_CA.UTF-8",
	LANG = "C"
    are supported and installed on your system.
perl: warning: Falling back to the standard locale ("C").
Processing:.................................................................Done
perl: warning: Setting locale failed.
perl: warning: Please check that your locale settings:
	LANGUAGE = (unset),
	LC_ALL = (unset),
	LC_TIME = "en_CA.UTF-8",
	LC_MONETARY = "en_CA.UTF-8",
	LC_ADDRESS = "en_CA.UTF-8",
	LC_TELEPHONE = "en_CA.UTF-8",
	LC_NAME = "en_CA.UTF-8",
	LC_MEASUREMENT = "en_CA.UTF-8",
	LC_IDENTIFICATION = "en_CA.UTF-8",
	LC_NUMERIC = "en_CA.UTF-8",
	LC_PAPER = "en_CA.UTF-8",
	LANG = "C"
    are supported and installed on your system.
perl: warning: Falling back to the standard locale ("C").
Processing:.................................................................Done
perl: warning: Setting locale failed.
perl: warning: Please check that your locale settings:
	LANGUAGE = (unset),
	LC_ALL = (unset),
	LC_TIME = "en_CA.UTF-8",
	LC_MONETARY = "en_CA.UTF-8",
	LC_ADDRESS = "en_CA.UTF-8",
	LC_TELEPHONE = "en_CA.UTF-8",
	LC_NAME = "en_CA.UTF-8",
	LC_MEASUREMENT = "en_CA.UTF-8",
	LC_IDENTIFICATION = "en_CA.UTF-8",
	LC_NUMERIC = "en_CA.UTF-8",
	LC_PAPER = "en_CA.UTF-8",
	LANG = "C"
    are supported and installed on your system.
perl: warning: Falling back to the standard locale ("C").
Processing:.................................................................Done
perl: warning: Setting locale failed.
perl: warning: Please check that your locale settings:
	LANGUAGE = (unset),
	LC_ALL = (unset),
	LC_TIME = "en_CA.UTF-8",
	LC_MONETARY = "en_CA.UTF-8",
	LC_ADDRESS = "en_CA.UTF-8",
	LC_TELEPHONE = "en_CA.UTF-8",
	LC_NAME = "en_CA.UTF-8",
	LC_MEASUREMENT = "en_CA.UTF-8",
	LC_IDENTIFICATION = "en_CA.UTF-8",
	LC_NUMERIC = "en_CA.UTF-8",
	LC_PAPER = "en_CA.UTF-8",
	LANG = "C"
    are supported and installed on your system.
perl: warning: Falling back to the standard locale ("C").
Processing:.................................................................Done
perl: warning: Setting locale failed.
perl: warning: Please check that your locale settings:
	LANGUAGE = (unset),
	LC_ALL = (unset),
	LC_TIME = "en_CA.UTF-8",
	LC_MONETARY = "en_CA.UTF-8",
	LC_ADDRESS = "en_CA.UTF-8",
	LC_TELEPHONE = "en_CA.UTF-8",
	LC_NAME = "en_CA.UTF-8",
	LC_MEASUREMENT = "en_CA.UTF-8",
	LC_IDENTIFICATION = "en_CA.UTF-8",
	LC_NUMERIC = "en_CA.UTF-8",
	LC_PAPER = "en_CA.UTF-8",
	LANG = "C"
    are supported and installed on your system.
perl: warning: Falling back to the standard locale ("C").
Processing:.................................................................Done
perl: warning: Setting locale failed.
perl: warning: Please check that your locale settings:
	LANGUAGE = (unset),
	LC_ALL = (unset),
	LC_TIME = "en_CA.UTF-8",
	LC_MONETARY = "en_CA.UTF-8",
	LC_ADDRESS = "en_CA.UTF-8",
	LC_TELEPHONE = "en_CA.UTF-8",
	LC_NAME = "en_CA.UTF-8",
	LC_MEASUREMENT = "en_CA.UTF-8",
	LC_IDENTIFICATION = "en_CA.UTF-8",
	LC_NUMERIC = "en_CA.UTF-8",
	LC_PAPER = "en_CA.UTF-8",
	LANG = "C"
    are supported and installed on your system.
perl: warning: Falling back to the standard locale ("C").
Processing:.................................................................Done
perl: warning: Setting locale failed.
perl: warning: Please check that your locale settings:
	LANGUAGE = (unset),
	LC_ALL = (unset),
	LC_TIME = "en_CA.UTF-8",
	LC_MONETARY = "en_CA.UTF-8",
	LC_ADDRESS = "en_CA.UTF-8",
	LC_TELEPHONE = "en_CA.UTF-8",
	LC_NAME = "en_CA.UTF-8",
	LC_MEASUREMENT = "en_CA.UTF-8",
	LC_IDENTIFICATION = "en_CA.UTF-8",
	LC_NUMERIC = "en_CA.UTF-8",
	LC_PAPER = "en_CA.UTF-8",
	LANG = "C"
    are supported and installed on your system.
perl: warning: Falling back to the standard locale ("C").
Processing:.................................................................Done
perl: warning: Setting locale failed.
perl: warning: Please check that your locale settings:
	LANGUAGE = (unset),
	LC_ALL = (unset),
	LC_TIME = "en_CA.UTF-8",
	LC_MONETARY = "en_CA.UTF-8",
	LC_ADDRESS = "en_CA.UTF-8",
	LC_TELEPHONE = "en_CA.UTF-8",
	LC_NAME = "en_CA.UTF-8",
	LC_MEASUREMENT = "en_CA.UTF-8",
	LC_IDENTIFICATION = "en_CA.UTF-8",
	LC_NUMERIC = "en_CA.UTF-8",
	LC_PAPER = "en_CA.UTF-8",
	LANG = "C"
    are supported and installed on your system.
perl: warning: Falling back to the standard locale ("C").
Processing:.................................................................Done
Number of iterations: 10 
CV of field change: 0.000992608
perl: warning: Setting locale failed.
perl: warning: Please check that your locale settings:
	LANGUAGE = (unset),
	LC_ALL = (unset),
	LC_TIME = "en_CA.UTF-8",
	LC_MONETARY = "en_CA.UTF-8",
	LC_ADDRESS = "en_CA.UTF-8",
	LC_TELEPHONE = "en_CA.UTF-8",
	LC_NAME = "en_CA.UTF-8",
	LC_MEASUREMENT = "en_CA.UTF-8",
	LC_IDENTIFICATION = "en_CA.UTF-8",
	LC_NUMERIC = "en_CA.UTF-8",
	LC_PAPER = "en_CA.UTF-8",
	LANG = "C"
    are supported and installed on your system.
perl: warning: Falling back to the standard locale ("C").
 
 
 
mri_binarize --i ./tmp.mri_nu_correct.mni.9736/nu2.mnc --min -1 --o ./tmp.mri_nu_correct.mni.9736/ones.mgz

$Id: mri_binarize.c,v 1.43 2016/06/09 20:46:21 greve Exp $
cwd /usr/local/freesurfer/subjects/3088/mri
cmdline mri_binarize.bin --i ./tmp.mri_nu_correct.mni.9736/nu2.mnc --min -1 --o ./tmp.mri_nu_correct.mni.9736/ones.mgz 
sysname  Linux
hostname ali-2
machine  x86_64
user     ubuntu

input      ./tmp.mri_nu_correct.mni.9736/nu2.mnc
frame      0
nErode3d   0
nErode2d   0
output     ./tmp.mri_nu_correct.mni.9736/ones.mgz
Binarizing based on threshold
min        -1
max        +infinity
binval        1
binvalnot     0
fstart = 0, fend = 0, nframes = 1
Found 16777216 values in range
Counting number of voxels in first frame
Found 16777216 voxels in final mask
Count: 16777216 16777216.000000 16777216 100.000000
mri_binarize done
mri_segstats --id 1 --seg ./tmp.mri_nu_correct.mni.9736/ones.mgz --i orig.mgz --sum ./tmp.mri_nu_correct.mni.9736/sum.junk --avgwf ./tmp.mri_nu_correct.mni.9736/input.mean.dat

$Id: mri_segstats.c,v 1.121 2016/05/31 17:27:11 greve Exp $
cwd 
cmdline mri_segstats --id 1 --seg ./tmp.mri_nu_correct.mni.9736/ones.mgz --i orig.mgz --sum ./tmp.mri_nu_correct.mni.9736/sum.junk --avgwf ./tmp.mri_nu_correct.mni.9736/input.mean.dat 
sysname  Linux
hostname ali-2
machine  x86_64
user     ubuntu
UseRobust  0
Loading ./tmp.mri_nu_correct.mni.9736/ones.mgz
ERROR: loading ./tmp.mri_nu_correct.mni.9736/ones.mgz
