status file for recon-all
Sun Jan 21 22:05:00 UTC 2018
#@# MotionCor Sun Jan 21 22:05:03 UTC 2018
#@# Talairach Sun Jan 21 22:05:20 UTC 2018
#@# Talairach Failure Detection Sun Jan 21 22:08:20 UTC 2018
#@# Nu Intensity Correction Sun Jan 21 22:08:20 UTC 2018
#@# Intensity Normalization Sun Jan 21 22:12:46 UTC 2018
#@# Skull Stripping Sun Jan 21 22:17:28 UTC 2018
#@# EM Registration Sun Jan 21 23:04:02 UTC 2018
#@# CA Normalize Sun Jan 21 23:47:02 UTC 2018
#@# CA Reg Sun Jan 21 23:50:36 UTC 2018
#@# SubCort Seg Mon Jan 22 06:55:35 UTC 2018
#@# Merge ASeg Mon Jan 22 08:44:18 UTC 2018
#@# Intensity Normalization2 Mon Jan 22 08:44:18 UTC 2018
#@# Mask BFS Mon Jan 22 08:51:57 UTC 2018
#@# WM Segmentation Mon Jan 22 08:52:02 UTC 2018
#@# Fill Mon Jan 22 08:56:24 UTC 2018
#@# Tessellate lh Mon Jan 22 08:58:08 UTC 2018
#@# Tessellate rh Mon Jan 22 08:58:20 UTC 2018
#@# Smooth1 lh Mon Jan 22 08:58:32 UTC 2018
#@# Smooth1 rh Mon Jan 22 08:58:43 UTC 2018
#@# Inflation1 lh Mon Jan 22 08:58:52 UTC 2018
#@# Inflation1 rh Mon Jan 22 08:59:51 UTC 2018
#@# QSphere lh Mon Jan 22 09:00:49 UTC 2018
#@# QSphere rh Mon Jan 22 09:07:07 UTC 2018
#@# Fix Topology Copy lh Mon Jan 22 09:13:59 UTC 2018
#@# Fix Topology Copy rh Mon Jan 22 09:13:59 UTC 2018
#@# Fix Topology lh Mon Jan 22 09:13:59 UTC 2018
#@# Fix Topology rh Mon Jan 22 09:37:51 UTC 2018
#@# Make White Surf lh Mon Jan 22 10:05:56 UTC 2018
#@# Make White Surf rh Mon Jan 22 10:15:07 UTC 2018
#@# Smooth2 lh Mon Jan 22 10:24:34 UTC 2018
#@# Smooth2 rh Mon Jan 22 10:24:44 UTC 2018
#@# Inflation2 lh Mon Jan 22 10:24:53 UTC 2018
#@# Inflation2 rh Mon Jan 22 10:25:54 UTC 2018
#@# Curv .H and .K lh Mon Jan 22 10:26:57 UTC 2018
#@# Curv .H and .K rh Mon Jan 22 10:29:22 UTC 2018
#@# Curvature Stats lh Mon Jan 22 10:31:47 UTC 2018
#@# Curvature Stats rh Mon Jan 22 10:31:54 UTC 2018
#@# Sphere lh Mon Jan 22 10:32:01 UTC 2018
#@# Sphere rh Mon Jan 22 11:45:52 UTC 2018
#@# Surf Reg lh Mon Jan 22 12:32:40 UTC 2018
#@# Surf Reg rh Mon Jan 22 13:58:51 UTC 2018
#@# Jacobian white lh Mon Jan 22 15:22:57 UTC 2018
#@# Jacobian white rh Mon Jan 22 15:23:01 UTC 2018
#@# AvgCurv lh Mon Jan 22 15:23:05 UTC 2018
#@# AvgCurv rh Mon Jan 22 15:23:08 UTC 2018
#@# Cortical Parc lh Mon Jan 22 15:23:11 UTC 2018
#@# Cortical Parc rh Mon Jan 22 15:23:41 UTC 2018
#@# Make Pial Surf lh Mon Jan 22 15:24:08 UTC 2018
#@# Make Pial Surf rh Mon Jan 22 15:50:27 UTC 2018
#@# Surf Volume lh Mon Jan 22 16:16:43 UTC 2018
#@# Surf Volume rh Mon Jan 22 16:16:49 UTC 2018
#@# Cortical ribbon mask Mon Jan 22 16:16:55 UTC 2018
#@# Parcellation Stats lh Mon Jan 22 16:40:03 UTC 2018
#@# Parcellation Stats rh Mon Jan 22 16:42:29 UTC 2018
#@# Cortical Parc 2 lh Mon Jan 22 16:45:02 UTC 2018
#@# Cortical Parc 2 rh Mon Jan 22 16:45:37 UTC 2018
#@# Parcellation Stats 2 lh Mon Jan 22 16:46:14 UTC 2018
#@# Parcellation Stats 2 rh Mon Jan 22 16:47:33 UTC 2018
#@# Cortical Parc 3 lh Mon Jan 22 16:48:49 UTC 2018
#@# Cortical Parc 3 rh Mon Jan 22 16:49:18 UTC 2018
#@# Parcellation Stats 3 lh Mon Jan 22 16:49:45 UTC 2018
#@# Parcellation Stats 3 rh Mon Jan 22 16:51:02 UTC 2018
#@# WM/GM Contrast lh Mon Jan 22 16:52:20 UTC 2018
#@# WM/GM Contrast rh Mon Jan 22 16:52:32 UTC 2018
#@# Relabel Hypointensities Mon Jan 22 16:52:44 UTC 2018
#@# AParc-to-ASeg aparc Mon Jan 22 16:53:34 UTC 2018
#@# AParc-to-ASeg a2009s Mon Jan 22 17:05:08 UTC 2018
#@# AParc-to-ASeg DKTatlas Mon Jan 22 17:16:36 UTC 2018
#@# APas-to-ASeg Mon Jan 22 17:28:09 UTC 2018
#@# ASeg Stats Mon Jan 22 17:28:26 UTC 2018
#@# WMParc Mon Jan 22 17:36:59 UTC 2018
#@# BA_exvivo Labels lh Mon Jan 22 18:01:40 UTC 2018
#@# BA_exvivo Labels rh Mon Jan 22 18:11:44 UTC 2018
recon-all -s 3052 finished without error at Mon Jan 22 18:21:58 UTC 2018
