status file for recon-all
Sat Jan 27 01:12:53 UTC 2018
#@# MotionCor Sat Jan 27 01:13:01 UTC 2018
#@# Talairach Sat Jan 27 01:13:28 UTC 2018
#@# Talairach Failure Detection Sat Jan 27 01:17:55 UTC 2018
#@# Nu Intensity Correction Sat Jan 27 01:17:55 UTC 2018
#@# Intensity Normalization Sat Jan 27 01:23:09 UTC 2018
#@# Skull Stripping Sat Jan 27 01:28:34 UTC 2018
#@# EM Registration Sat Jan 27 02:16:40 UTC 2018
#@# CA Normalize Sat Jan 27 02:58:14 UTC 2018
#@# CA Reg Sat Jan 27 03:01:47 UTC 2018
#@# SubCort Seg Sat Jan 27 10:38:56 UTC 2018
#@# Merge ASeg Sat Jan 27 13:54:16 UTC 2018
#@# Intensity Normalization2 Sat Jan 27 13:54:16 UTC 2018
#@# Mask BFS Sat Jan 27 14:02:45 UTC 2018
#@# WM Segmentation Sat Jan 27 14:02:52 UTC 2018
#@# Fill Sat Jan 27 14:09:13 UTC 2018
#@# Tessellate lh Sat Jan 27 14:11:19 UTC 2018
#@# Tessellate rh Sat Jan 27 14:11:36 UTC 2018
#@# Smooth1 lh Sat Jan 27 14:11:52 UTC 2018
#@# Smooth1 rh Sat Jan 27 14:12:06 UTC 2018
#@# Inflation1 lh Sat Jan 27 14:12:19 UTC 2018
#@# Inflation1 rh Sat Jan 27 14:13:39 UTC 2018
#@# QSphere lh Sat Jan 27 14:14:59 UTC 2018
#@# QSphere rh Sat Jan 27 14:23:43 UTC 2018
#@# Fix Topology Copy lh Sat Jan 27 14:33:12 UTC 2018
#@# Fix Topology Copy rh Sat Jan 27 14:33:12 UTC 2018
#@# Fix Topology lh Sat Jan 27 14:33:12 UTC 2018
#@# Fix Topology rh Sat Jan 27 15:14:37 UTC 2018
#@# Make White Surf lh Sat Jan 27 15:44:52 UTC 2018
#@# Make White Surf rh Sat Jan 27 15:57:06 UTC 2018
#@# Smooth2 lh Sat Jan 27 16:08:42 UTC 2018
#@# Smooth2 rh Sat Jan 27 16:08:56 UTC 2018
#@# Inflation2 lh Sat Jan 27 16:09:09 UTC 2018
#@# Inflation2 rh Sat Jan 27 16:10:34 UTC 2018
#@# Curv .H and .K lh Sat Jan 27 16:11:58 UTC 2018
#@# Curv .H and .K rh Sat Jan 27 16:15:14 UTC 2018
#@# Curvature Stats lh Sat Jan 27 16:18:26 UTC 2018
#@# Curvature Stats rh Sat Jan 27 16:18:35 UTC 2018
#@# Sphere lh Sat Jan 27 16:18:43 UTC 2018
#@# Sphere rh Sat Jan 27 18:17:31 UTC 2018
#@# Surf Reg lh Sat Jan 27 20:05:26 UTC 2018
#@# Surf Reg rh Sat Jan 27 22:19:17 UTC 2018
#@# Jacobian white lh Sun Jan 28 00:45:43 UTC 2018
#@# Jacobian white rh Sun Jan 28 00:45:48 UTC 2018
#@# AvgCurv lh Sun Jan 28 00:45:52 UTC 2018
#@# AvgCurv rh Sun Jan 28 00:45:56 UTC 2018
#@# Cortical Parc lh Sun Jan 28 00:46:00 UTC 2018
#@# Cortical Parc rh Sun Jan 28 00:46:42 UTC 2018
#@# Make Pial Surf lh Sun Jan 28 00:47:20 UTC 2018
#@# Make Pial Surf rh Sun Jan 28 01:21:56 UTC 2018
#@# Surf Volume lh Sun Jan 28 01:55:39 UTC 2018
#@# Surf Volume rh Sun Jan 28 01:55:47 UTC 2018
#@# Cortical ribbon mask Sun Jan 28 01:55:55 UTC 2018
#@# Parcellation Stats lh Sun Jan 28 02:27:23 UTC 2018
#@# Parcellation Stats rh Sun Jan 28 02:30:46 UTC 2018
#@# Cortical Parc 2 lh Sun Jan 28 02:34:08 UTC 2018
#@# Cortical Parc 2 rh Sun Jan 28 02:34:56 UTC 2018
#@# Parcellation Stats 2 lh Sun Jan 28 02:35:42 UTC 2018
#@# Parcellation Stats 2 rh Sun Jan 28 02:37:29 UTC 2018
#@# Cortical Parc 3 lh Sun Jan 28 02:39:14 UTC 2018
#@# Cortical Parc 3 rh Sun Jan 28 02:39:52 UTC 2018
#@# Parcellation Stats 3 lh Sun Jan 28 02:40:27 UTC 2018
#@# Parcellation Stats 3 rh Sun Jan 28 02:42:07 UTC 2018
#@# WM/GM Contrast lh Sun Jan 28 02:43:50 UTC 2018
#@# WM/GM Contrast rh Sun Jan 28 02:44:06 UTC 2018
#@# Relabel Hypointensities Sun Jan 28 02:44:22 UTC 2018
#@# AParc-to-ASeg aparc Sun Jan 28 02:45:27 UTC 2018
#@# AParc-to-ASeg a2009s Sun Jan 28 02:56:36 UTC 2018
#@# AParc-to-ASeg DKTatlas Sun Jan 28 03:07:05 UTC 2018
#@# APas-to-ASeg Sun Jan 28 03:17:46 UTC 2018
#@# ASeg Stats Sun Jan 28 03:18:02 UTC 2018
#@# WMParc Sun Jan 28 03:26:12 UTC 2018
#@# BA_exvivo Labels lh Sun Jan 28 03:46:53 UTC 2018
#@# BA_exvivo Labels rh Sun Jan 28 03:56:52 UTC 2018
recon-all -s 3634 finished without error at Sun Jan 28 04:06:26 UTC 2018
