status file for recon-all
Sun Jan 21 22:06:24 UTC 2018
#@# MotionCor Sun Jan 21 22:06:28 UTC 2018
#@# Talairach Sun Jan 21 22:06:48 UTC 2018
#@# Talairach Failure Detection Sun Jan 21 22:10:09 UTC 2018
#@# Nu Intensity Correction Sun Jan 21 22:10:09 UTC 2018
#@# Intensity Normalization Sun Jan 21 22:14:36 UTC 2018
#@# Skull Stripping Sun Jan 21 22:19:47 UTC 2018
#@# EM Registration Sun Jan 21 23:09:21 UTC 2018
#@# CA Normalize Sun Jan 21 23:47:00 UTC 2018
#@# CA Reg Sun Jan 21 23:50:45 UTC 2018
#@# SubCort Seg Mon Jan 22 06:32:48 UTC 2018
#@# Merge ASeg Mon Jan 22 08:31:17 UTC 2018
#@# Intensity Normalization2 Mon Jan 22 08:31:17 UTC 2018
#@# Mask BFS Mon Jan 22 08:39:04 UTC 2018
#@# WM Segmentation Mon Jan 22 08:39:07 UTC 2018
#@# Fill Mon Jan 22 08:43:25 UTC 2018
#@# Tessellate lh Mon Jan 22 08:45:11 UTC 2018
#@# Tessellate rh Mon Jan 22 08:45:22 UTC 2018
#@# Smooth1 lh Mon Jan 22 08:45:35 UTC 2018
#@# Smooth1 rh Mon Jan 22 08:45:46 UTC 2018
#@# Inflation1 lh Mon Jan 22 08:45:57 UTC 2018
#@# Inflation1 rh Mon Jan 22 08:46:58 UTC 2018
#@# QSphere lh Mon Jan 22 08:47:59 UTC 2018
#@# QSphere rh Mon Jan 22 08:54:50 UTC 2018
#@# Fix Topology Copy lh Mon Jan 22 09:01:57 UTC 2018
#@# Fix Topology Copy rh Mon Jan 22 09:01:57 UTC 2018
#@# Fix Topology lh Mon Jan 22 09:01:57 UTC 2018
#@# Fix Topology rh Mon Jan 22 09:28:32 UTC 2018
#@# Make White Surf lh Mon Jan 22 10:01:08 UTC 2018
#@# Make White Surf rh Mon Jan 22 10:11:09 UTC 2018
#@# Smooth2 lh Mon Jan 22 10:21:09 UTC 2018
#@# Smooth2 rh Mon Jan 22 10:21:20 UTC 2018
#@# Inflation2 lh Mon Jan 22 10:21:31 UTC 2018
#@# Inflation2 rh Mon Jan 22 10:22:37 UTC 2018
#@# Curv .H and .K lh Mon Jan 22 10:23:41 UTC 2018
#@# Curv .H and .K rh Mon Jan 22 10:26:18 UTC 2018
#@# Curvature Stats lh Mon Jan 22 10:28:52 UTC 2018
#@# Curvature Stats rh Mon Jan 22 10:29:00 UTC 2018
#@# Sphere lh Mon Jan 22 10:29:08 UTC 2018
#@# Sphere rh Mon Jan 22 11:43:11 UTC 2018
#@# Surf Reg lh Mon Jan 22 13:02:43 UTC 2018
#@# Surf Reg rh Mon Jan 22 14:33:03 UTC 2018
#@# Jacobian white lh Mon Jan 22 16:08:33 UTC 2018
#@# Jacobian white rh Mon Jan 22 16:08:37 UTC 2018
#@# AvgCurv lh Mon Jan 22 16:08:41 UTC 2018
#@# AvgCurv rh Mon Jan 22 16:08:44 UTC 2018
#@# Cortical Parc lh Mon Jan 22 16:08:47 UTC 2018
#@# Cortical Parc rh Mon Jan 22 16:09:18 UTC 2018
#@# Make Pial Surf lh Mon Jan 22 16:09:49 UTC 2018
#@# Make Pial Surf rh Mon Jan 22 16:37:06 UTC 2018
#@# Surf Volume lh Mon Jan 22 17:04:47 UTC 2018
#@# Surf Volume rh Mon Jan 22 17:04:53 UTC 2018
#@# Cortical ribbon mask Mon Jan 22 17:05:00 UTC 2018
#@# Parcellation Stats lh Mon Jan 22 17:31:14 UTC 2018
#@# Parcellation Stats rh Mon Jan 22 17:34:15 UTC 2018
#@# Cortical Parc 2 lh Mon Jan 22 17:37:15 UTC 2018
#@# Cortical Parc 2 rh Mon Jan 22 17:37:54 UTC 2018
#@# Parcellation Stats 2 lh Mon Jan 22 17:38:32 UTC 2018
#@# Parcellation Stats 2 rh Mon Jan 22 17:40:01 UTC 2018
#@# Cortical Parc 3 lh Mon Jan 22 17:41:31 UTC 2018
#@# Cortical Parc 3 rh Mon Jan 22 17:42:03 UTC 2018
#@# Parcellation Stats 3 lh Mon Jan 22 17:42:36 UTC 2018
#@# Parcellation Stats 3 rh Mon Jan 22 17:44:04 UTC 2018
#@# WM/GM Contrast lh Mon Jan 22 17:45:30 UTC 2018
#@# WM/GM Contrast rh Mon Jan 22 17:45:42 UTC 2018
#@# Relabel Hypointensities Mon Jan 22 17:45:55 UTC 2018
#@# AParc-to-ASeg aparc Mon Jan 22 17:46:48 UTC 2018
#@# AParc-to-ASeg a2009s Mon Jan 22 17:58:50 UTC 2018
#@# AParc-to-ASeg DKTatlas Mon Jan 22 18:10:23 UTC 2018
#@# APas-to-ASeg Mon Jan 22 18:22:30 UTC 2018
#@# ASeg Stats Mon Jan 22 18:22:45 UTC 2018
#@# WMParc Mon Jan 22 18:32:11 UTC 2018
#@# BA_exvivo Labels lh Mon Jan 22 18:56:19 UTC 2018
#@# BA_exvivo Labels rh Mon Jan 22 19:06:49 UTC 2018
recon-all -s 3073 finished without error at Mon Jan 22 19:17:09 UTC 2018
