status file for recon-all
Wed Jan 24 18:48:24 UTC 2018
#@# MotionCor Wed Jan 24 18:48:29 UTC 2018
#@# Talairach Wed Jan 24 18:48:48 UTC 2018
#@# Talairach Failure Detection Wed Jan 24 18:54:50 UTC 2018
#@# Nu Intensity Correction Wed Jan 24 18:54:50 UTC 2018
#@# Intensity Normalization Wed Jan 24 19:00:20 UTC 2018
#@# Skull Stripping Wed Jan 24 19:06:07 UTC 2018
#@# EM Registration Wed Jan 24 19:54:10 UTC 2018
#@# CA Normalize Wed Jan 24 20:36:46 UTC 2018
#@# CA Reg Wed Jan 24 20:40:31 UTC 2018
#@# SubCort Seg Thu Jan 25 04:24:55 UTC 2018
#@# Merge ASeg Thu Jan 25 07:19:15 UTC 2018
#@# Intensity Normalization2 Thu Jan 25 07:19:15 UTC 2018
#@# Mask BFS Thu Jan 25 07:27:47 UTC 2018
#@# WM Segmentation Thu Jan 25 07:27:52 UTC 2018
#@# Fill Thu Jan 25 07:33:35 UTC 2018
#@# Tessellate lh Thu Jan 25 07:35:38 UTC 2018
#@# Tessellate rh Thu Jan 25 07:35:52 UTC 2018
#@# Smooth1 lh Thu Jan 25 07:36:08 UTC 2018
#@# Smooth1 rh Thu Jan 25 07:36:20 UTC 2018
#@# Inflation1 lh Thu Jan 25 07:36:33 UTC 2018
#@# Inflation1 rh Thu Jan 25 07:37:47 UTC 2018
#@# QSphere lh Thu Jan 25 07:39:01 UTC 2018
#@# QSphere rh Thu Jan 25 07:46:24 UTC 2018
#@# Fix Topology Copy lh Thu Jan 25 07:53:46 UTC 2018
#@# Fix Topology Copy rh Thu Jan 25 07:53:46 UTC 2018
#@# Fix Topology lh Thu Jan 25 07:53:46 UTC 2018
#@# Fix Topology rh Thu Jan 25 09:53:56 UTC 2018
#@# Make White Surf lh Thu Jan 25 12:18:23 UTC 2018
#@# Make White Surf rh Thu Jan 25 12:28:36 UTC 2018
#@# Smooth2 lh Thu Jan 25 12:39:01 UTC 2018
#@# Smooth2 rh Thu Jan 25 12:39:14 UTC 2018
#@# Inflation2 lh Thu Jan 25 12:39:25 UTC 2018
#@# Inflation2 rh Thu Jan 25 12:40:39 UTC 2018
#@# Curv .H and .K lh Thu Jan 25 12:41:57 UTC 2018
#@# Curv .H and .K rh Thu Jan 25 12:44:55 UTC 2018
#@# Curvature Stats lh Thu Jan 25 12:47:51 UTC 2018
#@# Curvature Stats rh Thu Jan 25 12:48:00 UTC 2018
#@# Sphere lh Thu Jan 25 12:48:08 UTC 2018
#@# Sphere rh Thu Jan 25 14:23:15 UTC 2018
#@# Surf Reg lh Thu Jan 25 16:04:24 UTC 2018
#@# Surf Reg rh Thu Jan 25 17:56:17 UTC 2018
#@# Jacobian white lh Thu Jan 25 19:40:33 UTC 2018
#@# Jacobian white rh Thu Jan 25 19:40:37 UTC 2018
#@# AvgCurv lh Thu Jan 25 19:40:41 UTC 2018
#@# AvgCurv rh Thu Jan 25 19:40:45 UTC 2018
#@# Cortical Parc lh Thu Jan 25 19:40:48 UTC 2018
#@# Cortical Parc rh Thu Jan 25 19:41:23 UTC 2018
#@# Make Pial Surf lh Thu Jan 25 19:41:59 UTC 2018
#@# Make Pial Surf rh Thu Jan 25 20:14:32 UTC 2018
#@# Surf Volume lh Thu Jan 25 20:47:21 UTC 2018
#@# Surf Volume rh Thu Jan 25 20:47:28 UTC 2018
#@# Cortical ribbon mask Thu Jan 25 20:47:35 UTC 2018
#@# Parcellation Stats lh Thu Jan 25 21:10:38 UTC 2018
#@# Parcellation Stats rh Thu Jan 25 21:13:49 UTC 2018
#@# Cortical Parc 2 lh Thu Jan 25 21:16:55 UTC 2018
#@# Cortical Parc 2 rh Thu Jan 25 21:17:40 UTC 2018
#@# Parcellation Stats 2 lh Thu Jan 25 21:18:24 UTC 2018
#@# Parcellation Stats 2 rh Thu Jan 25 21:20:03 UTC 2018
#@# Cortical Parc 3 lh Thu Jan 25 21:21:40 UTC 2018
#@# Cortical Parc 3 rh Thu Jan 25 21:22:15 UTC 2018
#@# Parcellation Stats 3 lh Thu Jan 25 21:22:49 UTC 2018
#@# Parcellation Stats 3 rh Thu Jan 25 21:24:29 UTC 2018
#@# WM/GM Contrast lh Thu Jan 25 21:26:08 UTC 2018
#@# WM/GM Contrast rh Thu Jan 25 21:26:22 UTC 2018
#@# Relabel Hypointensities Thu Jan 25 21:26:34 UTC 2018
#@# AParc-to-ASeg aparc Thu Jan 25 21:27:30 UTC 2018
#@# AParc-to-ASeg a2009s Thu Jan 25 21:39:24 UTC 2018
#@# AParc-to-ASeg DKTatlas Thu Jan 25 21:50:57 UTC 2018
#@# APas-to-ASeg Thu Jan 25 22:02:05 UTC 2018
#@# ASeg Stats Thu Jan 25 22:02:20 UTC 2018
#@# WMParc Thu Jan 25 22:13:11 UTC 2018
#@# BA_exvivo Labels lh Thu Jan 25 22:35:40 UTC 2018
#@# BA_exvivo Labels rh Thu Jan 25 22:46:08 UTC 2018
recon-all -s 3424 finished without error at Thu Jan 25 22:56:35 UTC 2018
