status file for recon-all
Sun Jan 28 17:35:11 UTC 2018
#@# MotionCor Sun Jan 28 17:35:16 UTC 2018
#@# Talairach Sun Jan 28 17:35:35 UTC 2018
#@# Talairach Failure Detection Sun Jan 28 17:40:16 UTC 2018
#@# Nu Intensity Correction Sun Jan 28 17:40:17 UTC 2018
#@# Intensity Normalization Sun Jan 28 17:46:17 UTC 2018
#@# Skull Stripping Sun Jan 28 17:52:30 UTC 2018
#@# EM Registration Sun Jan 28 19:00:48 UTC 2018
#@# CA Normalize Sun Jan 28 19:48:49 UTC 2018
#@# CA Reg Sun Jan 28 19:52:35 UTC 2018
#@# SubCort Seg Mon Jan 29 03:01:16 UTC 2018
#@# Merge ASeg Mon Jan 29 05:58:16 UTC 2018
#@# Intensity Normalization2 Mon Jan 29 05:58:16 UTC 2018
#@# Mask BFS Mon Jan 29 06:07:07 UTC 2018
#@# WM Segmentation Mon Jan 29 06:07:12 UTC 2018
#@# Fill Mon Jan 29 06:12:21 UTC 2018
#@# Tessellate lh Mon Jan 29 06:14:16 UTC 2018
#@# Tessellate rh Mon Jan 29 06:14:31 UTC 2018
#@# Smooth1 lh Mon Jan 29 06:14:45 UTC 2018
#@# Smooth1 rh Mon Jan 29 06:14:57 UTC 2018
#@# Inflation1 lh Mon Jan 29 06:15:10 UTC 2018
#@# Inflation1 rh Mon Jan 29 06:16:21 UTC 2018
#@# QSphere lh Mon Jan 29 06:17:35 UTC 2018
#@# QSphere rh Mon Jan 29 06:24:54 UTC 2018
#@# Fix Topology Copy lh Mon Jan 29 06:32:49 UTC 2018
#@# Fix Topology Copy rh Mon Jan 29 06:32:49 UTC 2018
#@# Fix Topology lh Mon Jan 29 06:32:49 UTC 2018
#@# Fix Topology rh Mon Jan 29 07:33:16 UTC 2018
#@# Make White Surf lh Mon Jan 29 15:43:55 UTC 2018
#@# Make White Surf rh Mon Jan 29 15:56:11 UTC 2018
#@# Smooth2 lh Mon Jan 29 16:08:43 UTC 2018
#@# Smooth2 rh Mon Jan 29 16:08:56 UTC 2018
#@# Inflation2 lh Mon Jan 29 16:09:07 UTC 2018
#@# Inflation2 rh Mon Jan 29 16:10:15 UTC 2018
#@# Curv .H and .K lh Mon Jan 29 16:11:24 UTC 2018
#@# Curv .H and .K rh Mon Jan 29 16:14:11 UTC 2018
#@# Curvature Stats lh Mon Jan 29 16:17:04 UTC 2018
#@# Curvature Stats rh Mon Jan 29 16:17:12 UTC 2018
#@# Sphere lh Mon Jan 29 16:17:20 UTC 2018
#@# Sphere rh Mon Jan 29 18:10:10 UTC 2018
#@# Surf Reg lh Mon Jan 29 19:47:14 UTC 2018
#@# Surf Reg rh Mon Jan 29 21:03:12 UTC 2018
#@# Jacobian white lh Mon Jan 29 22:57:22 UTC 2018
#@# Jacobian white rh Mon Jan 29 22:57:25 UTC 2018
#@# AvgCurv lh Mon Jan 29 22:57:28 UTC 2018
#@# AvgCurv rh Mon Jan 29 22:57:31 UTC 2018
#@# Cortical Parc lh Mon Jan 29 22:57:33 UTC 2018
#@# Cortical Parc rh Mon Jan 29 22:57:57 UTC 2018
#@# Make Pial Surf lh Mon Jan 29 22:58:20 UTC 2018
#@# Make Pial Surf rh Mon Jan 29 23:23:10 UTC 2018
#@# Surf Volume lh Mon Jan 29 23:47:27 UTC 2018
#@# Surf Volume rh Mon Jan 29 23:47:32 UTC 2018
#@# Cortical ribbon mask Mon Jan 29 23:47:37 UTC 2018
#@# Parcellation Stats lh Tue Jan 30 00:07:49 UTC 2018
#@# Parcellation Stats rh Tue Jan 30 00:10:06 UTC 2018
#@# Cortical Parc 2 lh Tue Jan 30 00:12:27 UTC 2018
#@# Cortical Parc 2 rh Tue Jan 30 00:12:58 UTC 2018
#@# Parcellation Stats 2 lh Tue Jan 30 00:13:27 UTC 2018
#@# Parcellation Stats 2 rh Tue Jan 30 00:14:38 UTC 2018
#@# Cortical Parc 3 lh Tue Jan 30 00:15:48 UTC 2018
#@# Cortical Parc 3 rh Tue Jan 30 00:16:12 UTC 2018
#@# Parcellation Stats 3 lh Tue Jan 30 00:16:35 UTC 2018
#@# Parcellation Stats 3 rh Tue Jan 30 00:17:43 UTC 2018
#@# WM/GM Contrast lh Tue Jan 30 00:18:53 UTC 2018
#@# WM/GM Contrast rh Tue Jan 30 00:19:04 UTC 2018
#@# Relabel Hypointensities Tue Jan 30 00:19:13 UTC 2018
#@# AParc-to-ASeg aparc Tue Jan 30 00:19:49 UTC 2018
#@# AParc-to-ASeg a2009s Tue Jan 30 00:28:01 UTC 2018
#@# AParc-to-ASeg DKTatlas Tue Jan 30 00:36:12 UTC 2018
#@# APas-to-ASeg Tue Jan 30 00:44:21 UTC 2018
#@# ASeg Stats Tue Jan 30 00:44:33 UTC 2018
#@# WMParc Tue Jan 30 00:48:37 UTC 2018
#@# BA_exvivo Labels lh Tue Jan 30 01:03:42 UTC 2018
#@# BA_exvivo Labels rh Tue Jan 30 01:11:47 UTC 2018
recon-all -s 3958 finished without error at Tue Jan 30 01:19:52 UTC 2018
