status file for recon-all
Wed Jan 24 18:47:02 UTC 2018
#@# MotionCor Wed Jan 24 18:47:15 UTC 2018
#@# Talairach Wed Jan 24 18:47:48 UTC 2018
#@# Talairach Failure Detection Wed Jan 24 18:52:06 UTC 2018
#@# Nu Intensity Correction Wed Jan 24 18:52:06 UTC 2018
#@# Intensity Normalization Wed Jan 24 18:57:28 UTC 2018
#@# Skull Stripping Wed Jan 24 19:02:44 UTC 2018
#@# EM Registration Wed Jan 24 19:58:24 UTC 2018
#@# CA Normalize Wed Jan 24 20:28:56 UTC 2018
#@# CA Reg Wed Jan 24 20:32:38 UTC 2018
#@# SubCort Seg Thu Jan 25 04:37:18 UTC 2018
#@# Merge ASeg Thu Jan 25 07:39:18 UTC 2018
#@# Intensity Normalization2 Thu Jan 25 07:39:18 UTC 2018
#@# Mask BFS Thu Jan 25 07:48:12 UTC 2018
#@# WM Segmentation Thu Jan 25 07:48:17 UTC 2018
#@# Fill Thu Jan 25 07:54:23 UTC 2018
#@# Tessellate lh Thu Jan 25 07:56:28 UTC 2018
#@# Tessellate rh Thu Jan 25 07:56:43 UTC 2018
#@# Smooth1 lh Thu Jan 25 07:56:59 UTC 2018
#@# Smooth1 rh Thu Jan 25 07:57:12 UTC 2018
#@# Inflation1 lh Thu Jan 25 07:57:24 UTC 2018
#@# Inflation1 rh Thu Jan 25 07:58:41 UTC 2018
#@# QSphere lh Thu Jan 25 07:59:57 UTC 2018
#@# QSphere rh Thu Jan 25 08:07:43 UTC 2018
#@# Fix Topology Copy lh Thu Jan 25 08:15:28 UTC 2018
#@# Fix Topology Copy rh Thu Jan 25 08:15:28 UTC 2018
#@# Fix Topology lh Thu Jan 25 08:15:28 UTC 2018
#@# Fix Topology rh Thu Jan 25 09:27:49 UTC 2018
#@# Make White Surf lh Thu Jan 25 10:34:05 UTC 2018
#@# Make White Surf rh Thu Jan 25 10:44:08 UTC 2018
#@# Smooth2 lh Thu Jan 25 10:54:19 UTC 2018
#@# Smooth2 rh Thu Jan 25 10:54:32 UTC 2018
#@# Inflation2 lh Thu Jan 25 10:54:43 UTC 2018
#@# Inflation2 rh Thu Jan 25 10:56:03 UTC 2018
#@# Curv .H and .K lh Thu Jan 25 10:57:19 UTC 2018
#@# Curv .H and .K rh Thu Jan 25 11:00:20 UTC 2018
#@# Curvature Stats lh Thu Jan 25 11:03:14 UTC 2018
#@# Curvature Stats rh Thu Jan 25 11:03:22 UTC 2018
#@# Sphere lh Thu Jan 25 11:03:31 UTC 2018
#@# Sphere rh Thu Jan 25 12:39:34 UTC 2018
#@# Surf Reg lh Thu Jan 25 14:26:27 UTC 2018
#@# Surf Reg rh Thu Jan 25 16:22:28 UTC 2018
#@# Jacobian white lh Thu Jan 25 18:18:04 UTC 2018
#@# Jacobian white rh Thu Jan 25 18:18:09 UTC 2018
#@# AvgCurv lh Thu Jan 25 18:18:14 UTC 2018
#@# AvgCurv rh Thu Jan 25 18:18:18 UTC 2018
#@# Cortical Parc lh Thu Jan 25 18:18:22 UTC 2018
#@# Cortical Parc rh Thu Jan 25 18:19:01 UTC 2018
#@# Make Pial Surf lh Thu Jan 25 18:19:38 UTC 2018
#@# Make Pial Surf rh Thu Jan 25 18:55:47 UTC 2018
#@# Surf Volume lh Thu Jan 25 19:32:35 UTC 2018
#@# Surf Volume rh Thu Jan 25 19:32:43 UTC 2018
#@# Cortical ribbon mask Thu Jan 25 19:32:52 UTC 2018
#@# Parcellation Stats lh Thu Jan 25 19:58:43 UTC 2018
#@# Parcellation Stats rh Thu Jan 25 20:02:07 UTC 2018
#@# Cortical Parc 2 lh Thu Jan 25 20:05:28 UTC 2018
#@# Cortical Parc 2 rh Thu Jan 25 20:06:15 UTC 2018
#@# Parcellation Stats 2 lh Thu Jan 25 20:07:02 UTC 2018
#@# Parcellation Stats 2 rh Thu Jan 25 20:08:44 UTC 2018
#@# Cortical Parc 3 lh Thu Jan 25 20:10:27 UTC 2018
#@# Cortical Parc 3 rh Thu Jan 25 20:11:01 UTC 2018
#@# Parcellation Stats 3 lh Thu Jan 25 20:11:36 UTC 2018
#@# Parcellation Stats 3 rh Thu Jan 25 20:13:11 UTC 2018
#@# WM/GM Contrast lh Thu Jan 25 20:14:49 UTC 2018
#@# WM/GM Contrast rh Thu Jan 25 20:15:08 UTC 2018
#@# Relabel Hypointensities Thu Jan 25 20:15:27 UTC 2018
#@# AParc-to-ASeg aparc Thu Jan 25 20:16:26 UTC 2018
#@# AParc-to-ASeg a2009s Thu Jan 25 20:27:47 UTC 2018
#@# AParc-to-ASeg DKTatlas Thu Jan 25 20:39:01 UTC 2018
#@# APas-to-ASeg Thu Jan 25 20:49:44 UTC 2018
#@# ASeg Stats Thu Jan 25 20:50:00 UTC 2018
#@# WMParc Thu Jan 25 21:01:16 UTC 2018
#@# BA_exvivo Labels lh Thu Jan 25 21:28:07 UTC 2018
#@# BA_exvivo Labels rh Thu Jan 25 21:40:17 UTC 2018
recon-all -s 3401 finished without error at Thu Jan 25 21:52:10 UTC 2018
