status file for recon-all
Wed Jan 24 18:47:13 UTC 2018
#@# MotionCor Wed Jan 24 18:47:16 UTC 2018
#@# Talairach Wed Jan 24 18:47:31 UTC 2018
#@# Talairach Failure Detection Wed Jan 24 18:51:05 UTC 2018
#@# Nu Intensity Correction Wed Jan 24 18:51:06 UTC 2018
#@# Intensity Normalization Wed Jan 24 18:55:19 UTC 2018
#@# Skull Stripping Wed Jan 24 19:00:41 UTC 2018
#@# EM Registration Wed Jan 24 19:41:55 UTC 2018
#@# CA Normalize Wed Jan 24 20:27:56 UTC 2018
#@# CA Reg Wed Jan 24 20:31:45 UTC 2018
#@# SubCort Seg Thu Jan 25 03:38:27 UTC 2018
#@# Merge ASeg Thu Jan 25 06:25:41 UTC 2018
#@# Intensity Normalization2 Thu Jan 25 06:25:41 UTC 2018
#@# Mask BFS Thu Jan 25 06:34:10 UTC 2018
#@# WM Segmentation Thu Jan 25 06:34:15 UTC 2018
#@# Fill Thu Jan 25 06:39:39 UTC 2018
#@# Tessellate lh Thu Jan 25 06:41:41 UTC 2018
#@# Tessellate rh Thu Jan 25 06:41:55 UTC 2018
#@# Smooth1 lh Thu Jan 25 06:42:07 UTC 2018
#@# Smooth1 rh Thu Jan 25 06:42:19 UTC 2018
#@# Inflation1 lh Thu Jan 25 06:42:30 UTC 2018
#@# Inflation1 rh Thu Jan 25 06:43:34 UTC 2018
#@# QSphere lh Thu Jan 25 06:44:36 UTC 2018
#@# QSphere rh Thu Jan 25 06:51:16 UTC 2018
#@# Fix Topology Copy lh Thu Jan 25 06:57:39 UTC 2018
#@# Fix Topology Copy rh Thu Jan 25 06:57:39 UTC 2018
#@# Fix Topology lh Thu Jan 25 06:57:39 UTC 2018
#@# Fix Topology rh Thu Jan 25 08:34:21 UTC 2018
#@# Make White Surf lh Thu Jan 25 09:42:09 UTC 2018
#@# Make White Surf rh Thu Jan 25 09:51:00 UTC 2018
#@# Smooth2 lh Thu Jan 25 09:59:44 UTC 2018
#@# Smooth2 rh Thu Jan 25 09:59:54 UTC 2018
#@# Inflation2 lh Thu Jan 25 10:00:04 UTC 2018
#@# Inflation2 rh Thu Jan 25 10:01:05 UTC 2018
#@# Curv .H and .K lh Thu Jan 25 10:02:06 UTC 2018
#@# Curv .H and .K rh Thu Jan 25 10:04:35 UTC 2018
#@# Curvature Stats lh Thu Jan 25 10:06:59 UTC 2018
#@# Curvature Stats rh Thu Jan 25 10:07:07 UTC 2018
#@# Sphere lh Thu Jan 25 10:07:14 UTC 2018
#@# Sphere rh Thu Jan 25 11:35:19 UTC 2018
#@# Surf Reg lh Thu Jan 25 13:08:09 UTC 2018
#@# Surf Reg rh Thu Jan 25 14:21:02 UTC 2018
#@# Jacobian white lh Thu Jan 25 15:48:36 UTC 2018
#@# Jacobian white rh Thu Jan 25 15:48:41 UTC 2018
#@# AvgCurv lh Thu Jan 25 15:48:45 UTC 2018
#@# AvgCurv rh Thu Jan 25 15:48:48 UTC 2018
#@# Cortical Parc lh Thu Jan 25 15:48:51 UTC 2018
#@# Cortical Parc rh Thu Jan 25 15:49:24 UTC 2018
#@# Make Pial Surf lh Thu Jan 25 15:49:53 UTC 2018
#@# Make Pial Surf rh Thu Jan 25 16:18:09 UTC 2018
#@# Surf Volume lh Thu Jan 25 16:47:00 UTC 2018
#@# Surf Volume rh Thu Jan 25 16:47:08 UTC 2018
#@# Cortical ribbon mask Thu Jan 25 16:47:14 UTC 2018
#@# Parcellation Stats lh Thu Jan 25 17:07:13 UTC 2018
#@# Parcellation Stats rh Thu Jan 25 17:10:37 UTC 2018
#@# Cortical Parc 2 lh Thu Jan 25 17:13:50 UTC 2018
#@# Cortical Parc 2 rh Thu Jan 25 17:14:35 UTC 2018
#@# Parcellation Stats 2 lh Thu Jan 25 17:15:18 UTC 2018
#@# Parcellation Stats 2 rh Thu Jan 25 17:16:57 UTC 2018
#@# Cortical Parc 3 lh Thu Jan 25 17:18:36 UTC 2018
#@# Cortical Parc 3 rh Thu Jan 25 17:19:14 UTC 2018
#@# Parcellation Stats 3 lh Thu Jan 25 17:19:50 UTC 2018
#@# Parcellation Stats 3 rh Thu Jan 25 17:21:29 UTC 2018
#@# WM/GM Contrast lh Thu Jan 25 17:23:10 UTC 2018
#@# WM/GM Contrast rh Thu Jan 25 17:23:23 UTC 2018
#@# Relabel Hypointensities Thu Jan 25 17:23:36 UTC 2018
#@# AParc-to-ASeg aparc Thu Jan 25 17:24:40 UTC 2018
#@# AParc-to-ASeg a2009s Thu Jan 25 17:36:57 UTC 2018
#@# AParc-to-ASeg DKTatlas Thu Jan 25 17:48:37 UTC 2018
#@# APas-to-ASeg Thu Jan 25 18:00:00 UTC 2018
#@# ASeg Stats Thu Jan 25 18:00:19 UTC 2018
#@# WMParc Thu Jan 25 18:10:35 UTC 2018
#@# BA_exvivo Labels lh Thu Jan 25 18:40:32 UTC 2018
#@# BA_exvivo Labels rh Thu Jan 25 18:52:00 UTC 2018
recon-all -s 3405 finished without error at Thu Jan 25 19:03:24 UTC 2018
