status file for recon-all
Sun Jan 21 22:07:59 UTC 2018
#@# MotionCor Sun Jan 21 22:08:04 UTC 2018
#@# Talairach Sun Jan 21 22:08:27 UTC 2018
#@# Talairach Failure Detection Sun Jan 21 22:12:01 UTC 2018
#@# Nu Intensity Correction Sun Jan 21 22:12:01 UTC 2018
#@# Intensity Normalization Sun Jan 21 22:16:23 UTC 2018
#@# Skull Stripping Sun Jan 21 22:21:26 UTC 2018
#@# EM Registration Sun Jan 21 23:12:14 UTC 2018
#@# CA Normalize Sun Jan 21 23:47:05 UTC 2018
#@# CA Reg Sun Jan 21 23:50:49 UTC 2018
#@# SubCort Seg Mon Jan 22 06:42:17 UTC 2018
#@# Merge ASeg Mon Jan 22 09:01:08 UTC 2018
#@# Intensity Normalization2 Mon Jan 22 09:01:08 UTC 2018
#@# Mask BFS Mon Jan 22 09:09:28 UTC 2018
#@# WM Segmentation Mon Jan 22 09:09:32 UTC 2018
#@# Fill Mon Jan 22 09:14:17 UTC 2018
#@# Tessellate lh Mon Jan 22 09:16:06 UTC 2018
#@# Tessellate rh Mon Jan 22 09:16:21 UTC 2018
#@# Smooth1 lh Mon Jan 22 09:16:36 UTC 2018
#@# Smooth1 rh Mon Jan 22 09:16:48 UTC 2018
#@# Inflation1 lh Mon Jan 22 09:17:02 UTC 2018
#@# Inflation1 rh Mon Jan 22 09:18:20 UTC 2018
#@# QSphere lh Mon Jan 22 09:19:39 UTC 2018
#@# QSphere rh Mon Jan 22 09:28:52 UTC 2018
#@# Fix Topology Copy lh Mon Jan 22 09:37:17 UTC 2018
#@# Fix Topology Copy rh Mon Jan 22 09:37:17 UTC 2018
#@# Fix Topology lh Mon Jan 22 09:37:18 UTC 2018
#@# Fix Topology rh Mon Jan 22 10:30:52 UTC 2018
#@# Make White Surf lh Mon Jan 22 11:10:49 UTC 2018
#@# Make White Surf rh Mon Jan 22 11:22:37 UTC 2018
#@# Smooth2 lh Mon Jan 22 11:34:27 UTC 2018
#@# Smooth2 rh Mon Jan 22 11:34:39 UTC 2018
#@# Inflation2 lh Mon Jan 22 11:34:51 UTC 2018
#@# Inflation2 rh Mon Jan 22 11:36:05 UTC 2018
#@# Curv .H and .K lh Mon Jan 22 11:37:22 UTC 2018
#@# Curv .H and .K rh Mon Jan 22 11:40:23 UTC 2018
#@# Curvature Stats lh Mon Jan 22 11:43:31 UTC 2018
#@# Curvature Stats rh Mon Jan 22 11:43:40 UTC 2018
#@# Sphere lh Mon Jan 22 11:43:49 UTC 2018
#@# Sphere rh Mon Jan 22 13:25:21 UTC 2018
#@# Surf Reg lh Mon Jan 22 15:15:57 UTC 2018
#@# Surf Reg rh Mon Jan 22 17:08:37 UTC 2018
#@# Jacobian white lh Mon Jan 22 19:23:30 UTC 2018
#@# Jacobian white rh Mon Jan 22 19:23:34 UTC 2018
#@# AvgCurv lh Mon Jan 22 19:23:38 UTC 2018
#@# AvgCurv rh Mon Jan 22 19:23:41 UTC 2018
#@# Cortical Parc lh Mon Jan 22 19:23:45 UTC 2018
#@# Cortical Parc rh Mon Jan 22 19:24:16 UTC 2018
#@# Make Pial Surf lh Mon Jan 22 19:24:49 UTC 2018
#@# Make Pial Surf rh Mon Jan 22 19:54:57 UTC 2018
#@# Surf Volume lh Mon Jan 22 20:24:47 UTC 2018
#@# Surf Volume rh Mon Jan 22 20:24:54 UTC 2018
#@# Cortical ribbon mask Mon Jan 22 20:25:01 UTC 2018
#@# Parcellation Stats lh Mon Jan 22 20:59:24 UTC 2018
#@# Parcellation Stats rh Mon Jan 22 21:02:25 UTC 2018
#@# Cortical Parc 2 lh Mon Jan 22 21:05:30 UTC 2018
#@# Cortical Parc 2 rh Mon Jan 22 21:06:11 UTC 2018
#@# Parcellation Stats 2 lh Mon Jan 22 21:06:53 UTC 2018
#@# Parcellation Stats 2 rh Mon Jan 22 21:08:24 UTC 2018
#@# Cortical Parc 3 lh Mon Jan 22 21:09:57 UTC 2018
#@# Cortical Parc 3 rh Mon Jan 22 21:10:29 UTC 2018
#@# Parcellation Stats 3 lh Mon Jan 22 21:11:04 UTC 2018
#@# Parcellation Stats 3 rh Mon Jan 22 21:12:35 UTC 2018
#@# WM/GM Contrast lh Mon Jan 22 21:14:08 UTC 2018
#@# WM/GM Contrast rh Mon Jan 22 21:14:20 UTC 2018
#@# Relabel Hypointensities Mon Jan 22 21:14:33 UTC 2018
#@# AParc-to-ASeg aparc Mon Jan 22 21:15:22 UTC 2018
#@# AParc-to-ASeg a2009s Mon Jan 22 21:24:58 UTC 2018
#@# AParc-to-ASeg DKTatlas Mon Jan 22 21:34:09 UTC 2018
#@# APas-to-ASeg Mon Jan 22 21:43:25 UTC 2018
#@# ASeg Stats Mon Jan 22 21:43:38 UTC 2018
#@# WMParc Mon Jan 22 21:51:23 UTC 2018
#@# BA_exvivo Labels lh Mon Jan 22 22:09:53 UTC 2018
#@# BA_exvivo Labels rh Mon Jan 22 22:19:21 UTC 2018
recon-all -s 3080 finished without error at Mon Jan 22 22:28:57 UTC 2018
