status file for recon-all
Wed Jan 31 00:00:50 UTC 2018
#@# MotionCor Wed Jan 31 00:00:54 UTC 2018
#@# Talairach Wed Jan 31 00:01:14 UTC 2018
#@# Talairach Failure Detection Wed Jan 31 00:04:30 UTC 2018
#@# Nu Intensity Correction Wed Jan 31 00:04:31 UTC 2018
#@# Intensity Normalization Wed Jan 31 00:09:22 UTC 2018
#@# Skull Stripping Wed Jan 31 00:13:20 UTC 2018
#@# EM Registration Wed Jan 31 00:54:24 UTC 2018
#@# CA Normalize Wed Jan 31 01:18:00 UTC 2018
#@# CA Reg Wed Jan 31 01:21:03 UTC 2018
#@# SubCort Seg Wed Jan 31 05:43:50 UTC 2018
#@# Merge ASeg Wed Jan 31 07:19:19 UTC 2018
#@# Intensity Normalization2 Wed Jan 31 07:19:19 UTC 2018
#@# Mask BFS Wed Jan 31 07:25:41 UTC 2018
#@# WM Segmentation Wed Jan 31 07:25:44 UTC 2018
#@# Fill Wed Jan 31 07:29:23 UTC 2018
#@# Tessellate lh Wed Jan 31 07:30:57 UTC 2018
#@# Tessellate rh Wed Jan 31 07:31:07 UTC 2018
#@# Smooth1 lh Wed Jan 31 07:31:17 UTC 2018
#@# Smooth1 rh Wed Jan 31 07:31:25 UTC 2018
#@# Inflation1 lh Wed Jan 31 07:31:33 UTC 2018
#@# Inflation1 rh Wed Jan 31 07:32:23 UTC 2018
#@# QSphere lh Wed Jan 31 07:33:11 UTC 2018
#@# QSphere rh Wed Jan 31 07:38:46 UTC 2018
#@# Fix Topology Copy lh Wed Jan 31 07:44:16 UTC 2018
#@# Fix Topology Copy rh Wed Jan 31 07:44:16 UTC 2018
#@# Fix Topology lh Wed Jan 31 07:44:16 UTC 2018
#@# Fix Topology rh Wed Jan 31 08:49:19 UTC 2018
#@# Make White Surf lh Wed Jan 31 09:47:05 UTC 2018
#@# Make White Surf rh Wed Jan 31 09:54:39 UTC 2018
#@# Smooth2 lh Wed Jan 31 10:02:07 UTC 2018
#@# Smooth2 rh Wed Jan 31 10:02:15 UTC 2018
#@# Inflation2 lh Wed Jan 31 10:02:23 UTC 2018
#@# Inflation2 rh Wed Jan 31 10:03:11 UTC 2018
#@# Curv .H and .K lh Wed Jan 31 10:04:00 UTC 2018
#@# Curv .H and .K rh Wed Jan 31 10:05:59 UTC 2018
#@# Curvature Stats lh Wed Jan 31 10:07:57 UTC 2018
#@# Curvature Stats rh Wed Jan 31 10:08:03 UTC 2018
#@# Sphere lh Wed Jan 31 10:08:08 UTC 2018
#@# Sphere rh Wed Jan 31 11:24:12 UTC 2018
#@# Surf Reg lh Wed Jan 31 12:26:37 UTC 2018
#@# Surf Reg rh Wed Jan 31 13:37:32 UTC 2018
#@# Jacobian white lh Wed Jan 31 14:47:13 UTC 2018
#@# Jacobian white rh Wed Jan 31 14:47:16 UTC 2018
#@# AvgCurv lh Wed Jan 31 14:47:19 UTC 2018
#@# AvgCurv rh Wed Jan 31 14:47:21 UTC 2018
#@# Cortical Parc lh Wed Jan 31 14:47:23 UTC 2018
#@# Cortical Parc rh Wed Jan 31 14:47:44 UTC 2018
#@# Make Pial Surf lh Wed Jan 31 14:48:03 UTC 2018
#@# Make Pial Surf rh Wed Jan 31 15:07:37 UTC 2018
#@# Surf Volume lh Wed Jan 31 15:27:50 UTC 2018
#@# Surf Volume rh Wed Jan 31 15:27:56 UTC 2018
#@# Cortical ribbon mask Wed Jan 31 15:28:00 UTC 2018
#@# Parcellation Stats lh Wed Jan 31 15:48:23 UTC 2018
#@# Parcellation Stats rh Wed Jan 31 15:50:38 UTC 2018
#@# Cortical Parc 2 lh Wed Jan 31 15:52:54 UTC 2018
#@# Cortical Parc 2 rh Wed Jan 31 15:53:23 UTC 2018
#@# Parcellation Stats 2 lh Wed Jan 31 15:53:52 UTC 2018
#@# Parcellation Stats 2 rh Wed Jan 31 15:55:00 UTC 2018
#@# Cortical Parc 3 lh Wed Jan 31 15:56:08 UTC 2018
#@# Cortical Parc 3 rh Wed Jan 31 15:56:31 UTC 2018
#@# Parcellation Stats 3 lh Wed Jan 31 15:56:54 UTC 2018
#@# Parcellation Stats 3 rh Wed Jan 31 15:58:03 UTC 2018
#@# WM/GM Contrast lh Wed Jan 31 15:59:12 UTC 2018
#@# WM/GM Contrast rh Wed Jan 31 15:59:22 UTC 2018
#@# Relabel Hypointensities Wed Jan 31 15:59:30 UTC 2018
#@# AParc-to-ASeg aparc Wed Jan 31 16:00:10 UTC 2018
#@# AParc-to-ASeg a2009s Wed Jan 31 16:07:46 UTC 2018
#@# AParc-to-ASeg DKTatlas Wed Jan 31 16:15:17 UTC 2018
#@# APas-to-ASeg Wed Jan 31 16:22:41 UTC 2018
#@# ASeg Stats Wed Jan 31 16:22:54 UTC 2018
#@# WMParc Wed Jan 31 16:28:22 UTC 2018
#@# BA_exvivo Labels lh Wed Jan 31 16:44:01 UTC 2018
#@# BA_exvivo Labels rh Wed Jan 31 16:51:36 UTC 2018
recon-all -s 3081 finished without error at Wed Jan 31 16:59:01 UTC 2018
