status file for recon-all
Sun Jan 21 22:06:51 UTC 2018
#@# MotionCor Sun Jan 21 22:06:56 UTC 2018
#@# Talairach Sun Jan 21 22:07:16 UTC 2018
#@# Talairach Failure Detection Sun Jan 21 22:10:42 UTC 2018
#@# Nu Intensity Correction Sun Jan 21 22:10:42 UTC 2018
#@# Intensity Normalization Sun Jan 21 22:15:08 UTC 2018
#@# Skull Stripping Sun Jan 21 22:20:05 UTC 2018
#@# EM Registration Sun Jan 21 23:17:06 UTC 2018
#@# CA Normalize Sun Jan 21 23:55:59 UTC 2018
#@# CA Reg Sun Jan 21 23:59:47 UTC 2018
#@# SubCort Seg Mon Jan 22 06:28:16 UTC 2018
#@# Merge ASeg Mon Jan 22 08:53:33 UTC 2018
#@# Intensity Normalization2 Mon Jan 22 08:53:33 UTC 2018
#@# Mask BFS Mon Jan 22 09:01:32 UTC 2018
#@# WM Segmentation Mon Jan 22 09:01:37 UTC 2018
#@# Fill Mon Jan 22 09:06:26 UTC 2018
#@# Tessellate lh Mon Jan 22 09:08:15 UTC 2018
#@# Tessellate rh Mon Jan 22 09:08:29 UTC 2018
#@# Smooth1 lh Mon Jan 22 09:08:43 UTC 2018
#@# Smooth1 rh Mon Jan 22 09:08:54 UTC 2018
#@# Inflation1 lh Mon Jan 22 09:09:05 UTC 2018
#@# Inflation1 rh Mon Jan 22 09:10:14 UTC 2018
#@# QSphere lh Mon Jan 22 09:11:23 UTC 2018
#@# QSphere rh Mon Jan 22 09:19:01 UTC 2018
#@# Fix Topology Copy lh Mon Jan 22 09:26:42 UTC 2018
#@# Fix Topology Copy rh Mon Jan 22 09:26:42 UTC 2018
#@# Fix Topology lh Mon Jan 22 09:26:42 UTC 2018
#@# Fix Topology rh Mon Jan 22 10:02:15 UTC 2018
#@# Make White Surf lh Mon Jan 22 10:45:01 UTC 2018
#@# Make White Surf rh Mon Jan 22 10:56:07 UTC 2018
#@# Smooth2 lh Mon Jan 22 11:07:10 UTC 2018
#@# Smooth2 rh Mon Jan 22 11:07:22 UTC 2018
#@# Inflation2 lh Mon Jan 22 11:07:34 UTC 2018
#@# Inflation2 rh Mon Jan 22 11:08:44 UTC 2018
#@# Curv .H and .K lh Mon Jan 22 11:09:57 UTC 2018
#@# Curv .H and .K rh Mon Jan 22 11:12:52 UTC 2018
#@# Curvature Stats lh Mon Jan 22 11:15:40 UTC 2018
#@# Curvature Stats rh Mon Jan 22 11:15:49 UTC 2018
#@# Sphere lh Mon Jan 22 11:15:57 UTC 2018
#@# Sphere rh Mon Jan 22 12:45:10 UTC 2018
#@# Surf Reg lh Mon Jan 22 14:24:25 UTC 2018
#@# Surf Reg rh Mon Jan 22 16:23:42 UTC 2018
#@# Jacobian white lh Mon Jan 22 18:09:11 UTC 2018
#@# Jacobian white rh Mon Jan 22 18:09:15 UTC 2018
#@# AvgCurv lh Mon Jan 22 18:09:20 UTC 2018
#@# AvgCurv rh Mon Jan 22 18:09:23 UTC 2018
#@# Cortical Parc lh Mon Jan 22 18:09:26 UTC 2018
#@# Cortical Parc rh Mon Jan 22 18:09:59 UTC 2018
#@# Make Pial Surf lh Mon Jan 22 18:10:33 UTC 2018
#@# Make Pial Surf rh Mon Jan 22 18:40:39 UTC 2018
#@# Surf Volume lh Mon Jan 22 19:08:42 UTC 2018
#@# Surf Volume rh Mon Jan 22 19:08:49 UTC 2018
#@# Cortical ribbon mask Mon Jan 22 19:08:56 UTC 2018
#@# Parcellation Stats lh Mon Jan 22 19:40:02 UTC 2018
#@# Parcellation Stats rh Mon Jan 22 19:42:54 UTC 2018
#@# Cortical Parc 2 lh Mon Jan 22 19:45:42 UTC 2018
#@# Cortical Parc 2 rh Mon Jan 22 19:46:21 UTC 2018
#@# Parcellation Stats 2 lh Mon Jan 22 19:47:00 UTC 2018
#@# Parcellation Stats 2 rh Mon Jan 22 19:48:25 UTC 2018
#@# Cortical Parc 3 lh Mon Jan 22 19:49:47 UTC 2018
#@# Cortical Parc 3 rh Mon Jan 22 19:50:19 UTC 2018
#@# Parcellation Stats 3 lh Mon Jan 22 19:50:50 UTC 2018
#@# Parcellation Stats 3 rh Mon Jan 22 19:52:12 UTC 2018
#@# WM/GM Contrast lh Mon Jan 22 19:53:32 UTC 2018
#@# WM/GM Contrast rh Mon Jan 22 19:53:44 UTC 2018
#@# Relabel Hypointensities Mon Jan 22 19:53:57 UTC 2018
#@# AParc-to-ASeg aparc Mon Jan 22 19:54:45 UTC 2018
#@# AParc-to-ASeg a2009s Mon Jan 22 20:05:08 UTC 2018
#@# AParc-to-ASeg DKTatlas Mon Jan 22 20:15:16 UTC 2018
#@# APas-to-ASeg Mon Jan 22 20:25:35 UTC 2018
#@# ASeg Stats Mon Jan 22 20:25:48 UTC 2018
#@# WMParc Mon Jan 22 20:34:54 UTC 2018
#@# BA_exvivo Labels lh Mon Jan 22 20:55:42 UTC 2018
#@# BA_exvivo Labels rh Mon Jan 22 21:05:59 UTC 2018
recon-all -s 3076 finished without error at Mon Jan 22 21:15:54 UTC 2018
