status file for recon-all
Sun Jan 28 17:42:59 UTC 2018
#@# MotionCor Sun Jan 28 17:43:09 UTC 2018
#@# Talairach Sun Jan 28 17:43:40 UTC 2018
#@# Talairach Failure Detection Sun Jan 28 17:48:56 UTC 2018
#@# Nu Intensity Correction Sun Jan 28 17:48:56 UTC 2018
#@# Intensity Normalization Sun Jan 28 17:55:11 UTC 2018
#@# Skull Stripping Sun Jan 28 18:00:25 UTC 2018
#@# EM Registration Sun Jan 28 18:42:50 UTC 2018
#@# CA Normalize Sun Jan 28 19:23:28 UTC 2018
#@# CA Reg Sun Jan 28 19:27:09 UTC 2018
#@# SubCort Seg Mon Jan 29 01:47:14 UTC 2018
#@# Merge ASeg Mon Jan 29 04:05:34 UTC 2018
#@# Intensity Normalization2 Mon Jan 29 04:05:34 UTC 2018
#@# Mask BFS Mon Jan 29 04:13:44 UTC 2018
#@# WM Segmentation Mon Jan 29 04:13:47 UTC 2018
#@# Fill Mon Jan 29 04:18:50 UTC 2018
#@# Tessellate lh Mon Jan 29 04:20:33 UTC 2018
#@# Tessellate rh Mon Jan 29 04:20:46 UTC 2018
#@# Smooth1 lh Mon Jan 29 04:20:59 UTC 2018
#@# Smooth1 rh Mon Jan 29 04:21:11 UTC 2018
#@# Inflation1 lh Mon Jan 29 04:21:23 UTC 2018
#@# Inflation1 rh Mon Jan 29 04:22:34 UTC 2018
#@# QSphere lh Mon Jan 29 04:23:44 UTC 2018
#@# QSphere rh Mon Jan 29 04:31:16 UTC 2018
#@# Fix Topology Copy lh Mon Jan 29 04:39:31 UTC 2018
#@# Fix Topology Copy rh Mon Jan 29 04:39:31 UTC 2018
#@# Fix Topology lh Mon Jan 29 04:39:32 UTC 2018
#@# Fix Topology rh Mon Jan 29 06:15:01 UTC 2018
#@# Make White Surf lh Mon Jan 29 07:44:16 UTC 2018
#@# Make White Surf rh Mon Jan 29 07:55:21 UTC 2018
#@# Smooth2 lh Mon Jan 29 08:06:24 UTC 2018
#@# Smooth2 rh Mon Jan 29 08:06:37 UTC 2018
#@# Inflation2 lh Mon Jan 29 08:06:49 UTC 2018
#@# Inflation2 rh Mon Jan 29 08:07:58 UTC 2018
#@# Curv .H and .K lh Mon Jan 29 08:09:09 UTC 2018
#@# Curv .H and .K rh Mon Jan 29 08:12:05 UTC 2018
#@# Curvature Stats lh Mon Jan 29 08:15:03 UTC 2018
#@# Curvature Stats rh Mon Jan 29 08:15:12 UTC 2018
#@# Sphere lh Mon Jan 29 08:15:20 UTC 2018
#@# Sphere rh Mon Jan 29 09:46:21 UTC 2018
#@# Surf Reg lh Mon Jan 29 11:36:19 UTC 2018
#@# Surf Reg rh Mon Jan 29 13:23:40 UTC 2018
#@# Jacobian white lh Mon Jan 29 15:46:42 UTC 2018
#@# Jacobian white rh Mon Jan 29 15:46:46 UTC 2018
#@# AvgCurv lh Mon Jan 29 15:46:50 UTC 2018
#@# AvgCurv rh Mon Jan 29 15:46:53 UTC 2018
#@# Cortical Parc lh Mon Jan 29 15:46:56 UTC 2018
#@# Cortical Parc rh Mon Jan 29 15:47:26 UTC 2018
#@# Make Pial Surf lh Mon Jan 29 15:47:53 UTC 2018
#@# Make Pial Surf rh Mon Jan 29 16:18:00 UTC 2018
#@# Surf Volume lh Mon Jan 29 16:48:37 UTC 2018
#@# Surf Volume rh Mon Jan 29 16:48:44 UTC 2018
#@# Cortical ribbon mask Mon Jan 29 16:48:50 UTC 2018
#@# Parcellation Stats lh Mon Jan 29 17:15:57 UTC 2018
#@# Parcellation Stats rh Mon Jan 29 17:18:27 UTC 2018
#@# Cortical Parc 2 lh Mon Jan 29 17:20:57 UTC 2018
#@# Cortical Parc 2 rh Mon Jan 29 17:21:32 UTC 2018
#@# Parcellation Stats 2 lh Mon Jan 29 17:22:06 UTC 2018
#@# Parcellation Stats 2 rh Mon Jan 29 17:23:23 UTC 2018
#@# Cortical Parc 3 lh Mon Jan 29 17:24:38 UTC 2018
#@# Cortical Parc 3 rh Mon Jan 29 17:25:05 UTC 2018
#@# Parcellation Stats 3 lh Mon Jan 29 17:25:31 UTC 2018
#@# Parcellation Stats 3 rh Mon Jan 29 17:26:44 UTC 2018
#@# WM/GM Contrast lh Mon Jan 29 17:27:58 UTC 2018
#@# WM/GM Contrast rh Mon Jan 29 17:28:12 UTC 2018
#@# Relabel Hypointensities Mon Jan 29 17:28:24 UTC 2018
#@# AParc-to-ASeg aparc Mon Jan 29 17:29:14 UTC 2018
#@# AParc-to-ASeg a2009s Mon Jan 29 17:38:15 UTC 2018
#@# AParc-to-ASeg DKTatlas Mon Jan 29 17:46:58 UTC 2018
#@# APas-to-ASeg Mon Jan 29 17:55:54 UTC 2018
#@# ASeg Stats Mon Jan 29 17:56:07 UTC 2018
#@# WMParc Mon Jan 29 18:02:43 UTC 2018
#@# BA_exvivo Labels lh Mon Jan 29 18:20:48 UTC 2018
#@# BA_exvivo Labels rh Mon Jan 29 18:29:32 UTC 2018
recon-all -s 4024 finished without error at Mon Jan 29 18:38:01 UTC 2018
