status file for recon-all
Tue Jan 23 03:28:58 UTC 2018
#@# MotionCor Tue Jan 23 03:29:10 UTC 2018
#@# Talairach Tue Jan 23 03:29:36 UTC 2018
#@# Talairach Failure Detection Tue Jan 23 03:32:48 UTC 2018
#@# Nu Intensity Correction Tue Jan 23 03:32:48 UTC 2018
#@# Intensity Normalization Tue Jan 23 03:36:52 UTC 2018
#@# Skull Stripping Tue Jan 23 03:41:16 UTC 2018
#@# EM Registration Tue Jan 23 04:17:45 UTC 2018
#@# CA Normalize Tue Jan 23 04:47:32 UTC 2018
#@# CA Reg Tue Jan 23 04:50:50 UTC 2018
#@# SubCort Seg Tue Jan 23 11:29:50 UTC 2018
#@# Merge ASeg Tue Jan 23 14:14:06 UTC 2018
#@# Intensity Normalization2 Tue Jan 23 14:14:06 UTC 2018
#@# Mask BFS Tue Jan 23 14:21:20 UTC 2018
#@# WM Segmentation Tue Jan 23 14:21:24 UTC 2018
#@# Fill Tue Jan 23 14:26:57 UTC 2018
#@# Tessellate lh Tue Jan 23 14:28:43 UTC 2018
#@# Tessellate rh Tue Jan 23 14:28:57 UTC 2018
#@# Smooth1 lh Tue Jan 23 14:29:10 UTC 2018
#@# Smooth1 rh Tue Jan 23 14:29:22 UTC 2018
#@# Inflation1 lh Tue Jan 23 14:29:34 UTC 2018
#@# Inflation1 rh Tue Jan 23 14:30:47 UTC 2018
#@# QSphere lh Tue Jan 23 14:31:58 UTC 2018
#@# QSphere rh Tue Jan 23 14:39:18 UTC 2018
#@# Fix Topology Copy lh Tue Jan 23 14:46:34 UTC 2018
#@# Fix Topology Copy rh Tue Jan 23 14:46:34 UTC 2018
#@# Fix Topology lh Tue Jan 23 14:46:34 UTC 2018
#@# Fix Topology rh Tue Jan 23 17:20:37 UTC 2018
#@# Make White Surf lh Tue Jan 23 19:02:34 UTC 2018
#@# Make White Surf rh Tue Jan 23 19:11:33 UTC 2018
#@# Smooth2 lh Tue Jan 23 19:20:08 UTC 2018
#@# Smooth2 rh Tue Jan 23 19:20:19 UTC 2018
#@# Inflation2 lh Tue Jan 23 19:20:29 UTC 2018
#@# Inflation2 rh Tue Jan 23 19:21:35 UTC 2018
#@# Curv .H and .K lh Tue Jan 23 19:22:36 UTC 2018
#@# Curv .H and .K rh Tue Jan 23 19:25:18 UTC 2018
#@# Curvature Stats lh Tue Jan 23 19:27:59 UTC 2018
#@# Curvature Stats rh Tue Jan 23 19:28:07 UTC 2018
#@# Sphere lh Tue Jan 23 19:28:14 UTC 2018
#@# Sphere rh Tue Jan 23 20:58:53 UTC 2018
#@# Surf Reg lh Tue Jan 23 22:28:31 UTC 2018
#@# Surf Reg rh Wed Jan 24 00:16:27 UTC 2018
#@# Jacobian white lh Wed Jan 24 02:04:17 UTC 2018
#@# Jacobian white rh Wed Jan 24 02:04:21 UTC 2018
#@# AvgCurv lh Wed Jan 24 02:04:25 UTC 2018
#@# AvgCurv rh Wed Jan 24 02:04:28 UTC 2018
#@# Cortical Parc lh Wed Jan 24 02:04:32 UTC 2018
#@# Cortical Parc rh Wed Jan 24 02:05:01 UTC 2018
#@# Make Pial Surf lh Wed Jan 24 02:05:30 UTC 2018
#@# Make Pial Surf rh Wed Jan 24 02:36:09 UTC 2018
#@# Surf Volume lh Wed Jan 24 03:05:26 UTC 2018
#@# Surf Volume rh Wed Jan 24 03:05:33 UTC 2018
#@# Cortical ribbon mask Wed Jan 24 03:05:39 UTC 2018
#@# Parcellation Stats lh Wed Jan 24 03:35:12 UTC 2018
#@# Parcellation Stats rh Wed Jan 24 03:38:04 UTC 2018
#@# Cortical Parc 2 lh Wed Jan 24 03:41:02 UTC 2018
#@# Cortical Parc 2 rh Wed Jan 24 03:41:43 UTC 2018
#@# Parcellation Stats 2 lh Wed Jan 24 03:42:24 UTC 2018
#@# Parcellation Stats 2 rh Wed Jan 24 03:43:55 UTC 2018
#@# Cortical Parc 3 lh Wed Jan 24 03:45:25 UTC 2018
#@# Cortical Parc 3 rh Wed Jan 24 03:45:58 UTC 2018
#@# Parcellation Stats 3 lh Wed Jan 24 03:46:31 UTC 2018
#@# Parcellation Stats 3 rh Wed Jan 24 03:48:00 UTC 2018
#@# WM/GM Contrast lh Wed Jan 24 03:49:30 UTC 2018
#@# WM/GM Contrast rh Wed Jan 24 03:49:45 UTC 2018
#@# Relabel Hypointensities Wed Jan 24 03:49:59 UTC 2018
#@# AParc-to-ASeg aparc Wed Jan 24 03:50:51 UTC 2018
#@# AParc-to-ASeg a2009s Wed Jan 24 04:01:14 UTC 2018
#@# AParc-to-ASeg DKTatlas Wed Jan 24 04:11:52 UTC 2018
#@# APas-to-ASeg Wed Jan 24 04:22:16 UTC 2018
#@# ASeg Stats Wed Jan 24 04:22:31 UTC 2018
#@# WMParc Wed Jan 24 04:31:46 UTC 2018
#@# BA_exvivo Labels lh Wed Jan 24 04:53:47 UTC 2018
#@# BA_exvivo Labels rh Wed Jan 24 05:04:57 UTC 2018
recon-all -s 3228 finished without error at Wed Jan 24 05:15:43 UTC 2018
