status file for recon-all
Sun Jan 28 17:35:48 UTC 2018
#@# MotionCor Sun Jan 28 17:35:54 UTC 2018
#@# Talairach Sun Jan 28 17:36:18 UTC 2018
#@# Talairach Failure Detection Sun Jan 28 17:41:25 UTC 2018
#@# Nu Intensity Correction Sun Jan 28 17:41:26 UTC 2018
#@# Intensity Normalization Sun Jan 28 17:47:23 UTC 2018
#@# Skull Stripping Sun Jan 28 17:53:15 UTC 2018
#@# EM Registration Sun Jan 28 18:40:57 UTC 2018
#@# CA Normalize Sun Jan 28 19:26:17 UTC 2018
#@# CA Reg Sun Jan 28 19:30:08 UTC 2018
#@# SubCort Seg Mon Jan 29 01:39:22 UTC 2018
#@# Merge ASeg Mon Jan 29 04:11:56 UTC 2018
#@# Intensity Normalization2 Mon Jan 29 04:11:56 UTC 2018
#@# Mask BFS Mon Jan 29 04:20:22 UTC 2018
#@# WM Segmentation Mon Jan 29 04:20:27 UTC 2018
#@# Fill Mon Jan 29 04:25:02 UTC 2018
#@# Tessellate lh Mon Jan 29 04:26:59 UTC 2018
#@# Tessellate rh Mon Jan 29 04:27:12 UTC 2018
#@# Smooth1 lh Mon Jan 29 04:27:25 UTC 2018
#@# Smooth1 rh Mon Jan 29 04:27:34 UTC 2018
#@# Inflation1 lh Mon Jan 29 04:27:45 UTC 2018
#@# Inflation1 rh Mon Jan 29 04:28:43 UTC 2018
#@# QSphere lh Mon Jan 29 04:29:44 UTC 2018
#@# QSphere rh Mon Jan 29 04:35:47 UTC 2018
#@# Fix Topology Copy lh Mon Jan 29 04:42:15 UTC 2018
#@# Fix Topology Copy rh Mon Jan 29 04:42:15 UTC 2018
#@# Fix Topology lh Mon Jan 29 04:42:15 UTC 2018
#@# Fix Topology rh Mon Jan 29 05:20:42 UTC 2018
#@# Make White Surf lh Mon Jan 29 06:19:19 UTC 2018
#@# Make White Surf rh Mon Jan 29 06:29:56 UTC 2018
#@# Smooth2 lh Mon Jan 29 06:40:29 UTC 2018
#@# Smooth2 rh Mon Jan 29 06:40:39 UTC 2018
#@# Inflation2 lh Mon Jan 29 06:40:49 UTC 2018
#@# Inflation2 rh Mon Jan 29 06:41:47 UTC 2018
#@# Curv .H and .K lh Mon Jan 29 06:42:46 UTC 2018
#@# Curv .H and .K rh Mon Jan 29 06:45:09 UTC 2018
#@# Curvature Stats lh Mon Jan 29 06:47:31 UTC 2018
#@# Curvature Stats rh Mon Jan 29 06:47:37 UTC 2018
#@# Sphere lh Mon Jan 29 06:47:44 UTC 2018
#@# Sphere rh Mon Jan 29 08:07:48 UTC 2018
#@# Surf Reg lh Mon Jan 29 10:09:02 UTC 2018
#@# Surf Reg rh Mon Jan 29 11:45:32 UTC 2018
#@# Jacobian white lh Mon Jan 29 13:18:10 UTC 2018
#@# Jacobian white rh Mon Jan 29 13:18:14 UTC 2018
#@# AvgCurv lh Mon Jan 29 13:18:18 UTC 2018
#@# AvgCurv rh Mon Jan 29 13:18:21 UTC 2018
#@# Cortical Parc lh Mon Jan 29 13:18:24 UTC 2018
#@# Cortical Parc rh Mon Jan 29 13:18:53 UTC 2018
#@# Make Pial Surf lh Mon Jan 29 13:19:23 UTC 2018
#@# Make Pial Surf rh Mon Jan 29 13:47:28 UTC 2018
#@# Surf Volume lh Mon Jan 29 14:16:44 UTC 2018
#@# Surf Volume rh Mon Jan 29 14:16:50 UTC 2018
#@# Cortical ribbon mask Mon Jan 29 14:16:56 UTC 2018
#@# Parcellation Stats lh Mon Jan 29 14:41:39 UTC 2018
#@# Parcellation Stats rh Mon Jan 29 14:44:20 UTC 2018
#@# Cortical Parc 2 lh Mon Jan 29 14:47:01 UTC 2018
#@# Cortical Parc 2 rh Mon Jan 29 14:47:39 UTC 2018
#@# Parcellation Stats 2 lh Mon Jan 29 14:48:18 UTC 2018
#@# Parcellation Stats 2 rh Mon Jan 29 14:49:39 UTC 2018
#@# Cortical Parc 3 lh Mon Jan 29 14:51:04 UTC 2018
#@# Cortical Parc 3 rh Mon Jan 29 14:51:36 UTC 2018
#@# Parcellation Stats 3 lh Mon Jan 29 14:52:09 UTC 2018
#@# Parcellation Stats 3 rh Mon Jan 29 14:53:29 UTC 2018
#@# WM/GM Contrast lh Mon Jan 29 14:54:48 UTC 2018
#@# WM/GM Contrast rh Mon Jan 29 14:55:01 UTC 2018
#@# Relabel Hypointensities Mon Jan 29 14:55:13 UTC 2018
#@# AParc-to-ASeg aparc Mon Jan 29 14:56:03 UTC 2018
#@# AParc-to-ASeg a2009s Mon Jan 29 15:07:38 UTC 2018
#@# AParc-to-ASeg DKTatlas Mon Jan 29 15:19:41 UTC 2018
#@# APas-to-ASeg Mon Jan 29 15:30:45 UTC 2018
#@# ASeg Stats Mon Jan 29 15:31:01 UTC 2018
#@# WMParc Mon Jan 29 15:39:55 UTC 2018
#@# BA_exvivo Labels lh Mon Jan 29 16:00:32 UTC 2018
#@# BA_exvivo Labels rh Mon Jan 29 16:09:32 UTC 2018
recon-all -s 3970 finished without error at Mon Jan 29 16:18:42 UTC 2018
