status file for recon-all
Sun Jan 28 17:35:33 UTC 2018
#@# MotionCor Sun Jan 28 17:35:38 UTC 2018
#@# Talairach Sun Jan 28 17:36:02 UTC 2018
#@# Talairach Failure Detection Sun Jan 28 17:40:16 UTC 2018
#@# Nu Intensity Correction Sun Jan 28 17:40:17 UTC 2018
#@# Intensity Normalization Sun Jan 28 17:45:58 UTC 2018
#@# Skull Stripping Sun Jan 28 17:51:41 UTC 2018
#@# EM Registration Sun Jan 28 18:41:28 UTC 2018
#@# CA Normalize Sun Jan 28 19:22:07 UTC 2018
#@# CA Reg Sun Jan 28 19:25:45 UTC 2018
#@# SubCort Seg Mon Jan 29 02:15:35 UTC 2018
#@# Merge ASeg Mon Jan 29 05:03:29 UTC 2018
#@# Intensity Normalization2 Mon Jan 29 05:03:29 UTC 2018
#@# Mask BFS Mon Jan 29 05:11:25 UTC 2018
#@# WM Segmentation Mon Jan 29 05:11:30 UTC 2018
#@# Fill Mon Jan 29 05:16:33 UTC 2018
#@# Tessellate lh Mon Jan 29 05:18:30 UTC 2018
#@# Tessellate rh Mon Jan 29 05:18:44 UTC 2018
#@# Smooth1 lh Mon Jan 29 05:18:58 UTC 2018
#@# Smooth1 rh Mon Jan 29 05:19:10 UTC 2018
#@# Inflation1 lh Mon Jan 29 05:19:20 UTC 2018
#@# Inflation1 rh Mon Jan 29 05:20:26 UTC 2018
#@# QSphere lh Mon Jan 29 05:21:32 UTC 2018
#@# QSphere rh Mon Jan 29 05:28:40 UTC 2018
#@# Fix Topology Copy lh Mon Jan 29 05:35:39 UTC 2018
#@# Fix Topology Copy rh Mon Jan 29 05:35:39 UTC 2018
#@# Fix Topology lh Mon Jan 29 05:35:39 UTC 2018
#@# Fix Topology rh Mon Jan 29 06:33:26 UTC 2018
#@# Make White Surf lh Mon Jan 29 07:38:32 UTC 2018
#@# Make White Surf rh Mon Jan 29 07:49:51 UTC 2018
#@# Smooth2 lh Mon Jan 29 08:00:53 UTC 2018
#@# Smooth2 rh Mon Jan 29 08:01:05 UTC 2018
#@# Inflation2 lh Mon Jan 29 08:01:15 UTC 2018
#@# Inflation2 rh Mon Jan 29 08:02:20 UTC 2018
#@# Curv .H and .K lh Mon Jan 29 08:03:25 UTC 2018
#@# Curv .H and .K rh Mon Jan 29 08:06:00 UTC 2018
#@# Curvature Stats lh Mon Jan 29 08:08:37 UTC 2018
#@# Curvature Stats rh Mon Jan 29 08:08:44 UTC 2018
#@# Sphere lh Mon Jan 29 08:08:52 UTC 2018
#@# Sphere rh Mon Jan 29 09:45:13 UTC 2018
#@# Surf Reg lh Mon Jan 29 10:41:26 UTC 2018
#@# Surf Reg rh Mon Jan 29 12:24:00 UTC 2018
#@# Jacobian white lh Mon Jan 29 13:59:50 UTC 2018
#@# Jacobian white rh Mon Jan 29 13:59:54 UTC 2018
#@# AvgCurv lh Mon Jan 29 13:59:58 UTC 2018
#@# AvgCurv rh Mon Jan 29 14:00:01 UTC 2018
#@# Cortical Parc lh Mon Jan 29 14:00:05 UTC 2018
#@# Cortical Parc rh Mon Jan 29 14:00:36 UTC 2018
#@# Make Pial Surf lh Mon Jan 29 14:01:07 UTC 2018
#@# Make Pial Surf rh Mon Jan 29 14:32:06 UTC 2018
#@# Surf Volume lh Mon Jan 29 15:03:24 UTC 2018
#@# Surf Volume rh Mon Jan 29 15:03:31 UTC 2018
#@# Cortical ribbon mask Mon Jan 29 15:03:38 UTC 2018
#@# Parcellation Stats lh Mon Jan 29 15:32:56 UTC 2018
#@# Parcellation Stats rh Mon Jan 29 15:35:29 UTC 2018
#@# Cortical Parc 2 lh Mon Jan 29 15:37:58 UTC 2018
#@# Cortical Parc 2 rh Mon Jan 29 15:38:36 UTC 2018
#@# Parcellation Stats 2 lh Mon Jan 29 15:39:13 UTC 2018
#@# Parcellation Stats 2 rh Mon Jan 29 15:40:33 UTC 2018
#@# Cortical Parc 3 lh Mon Jan 29 15:41:50 UTC 2018
#@# Cortical Parc 3 rh Mon Jan 29 15:42:20 UTC 2018
#@# Parcellation Stats 3 lh Mon Jan 29 15:42:52 UTC 2018
#@# Parcellation Stats 3 rh Mon Jan 29 15:44:08 UTC 2018
#@# WM/GM Contrast lh Mon Jan 29 15:45:25 UTC 2018
#@# WM/GM Contrast rh Mon Jan 29 15:45:38 UTC 2018
#@# Relabel Hypointensities Mon Jan 29 15:45:49 UTC 2018
#@# AParc-to-ASeg aparc Mon Jan 29 15:46:39 UTC 2018
#@# AParc-to-ASeg a2009s Mon Jan 29 15:58:33 UTC 2018
#@# AParc-to-ASeg DKTatlas Mon Jan 29 16:10:36 UTC 2018
#@# APas-to-ASeg Mon Jan 29 16:22:38 UTC 2018
#@# ASeg Stats Mon Jan 29 16:22:51 UTC 2018
#@# WMParc Mon Jan 29 16:31:43 UTC 2018
#@# BA_exvivo Labels lh Mon Jan 29 16:54:07 UTC 2018
#@# BA_exvivo Labels rh Mon Jan 29 17:03:47 UTC 2018
recon-all -s 3967 finished without error at Mon Jan 29 17:13:13 UTC 2018
