status file for recon-all
Tue Jan 23 03:28:07 UTC 2018
#@# MotionCor Tue Jan 23 03:28:20 UTC 2018
#@# Talairach Tue Jan 23 03:28:45 UTC 2018
#@# Talairach Failure Detection Tue Jan 23 03:31:50 UTC 2018
#@# Nu Intensity Correction Tue Jan 23 03:31:50 UTC 2018
#@# Intensity Normalization Tue Jan 23 03:35:49 UTC 2018
#@# Skull Stripping Tue Jan 23 03:40:18 UTC 2018
#@# EM Registration Tue Jan 23 04:31:37 UTC 2018
#@# CA Normalize Tue Jan 23 05:15:12 UTC 2018
#@# CA Reg Tue Jan 23 05:18:29 UTC 2018
#@# SubCort Seg Tue Jan 23 12:31:46 UTC 2018
#@# Merge ASeg Tue Jan 23 15:21:12 UTC 2018
#@# Intensity Normalization2 Tue Jan 23 15:21:12 UTC 2018
#@# Mask BFS Tue Jan 23 15:29:09 UTC 2018
#@# WM Segmentation Tue Jan 23 15:29:14 UTC 2018
#@# Fill Tue Jan 23 15:34:36 UTC 2018
#@# Tessellate lh Tue Jan 23 15:36:22 UTC 2018
#@# Tessellate rh Tue Jan 23 15:36:36 UTC 2018
#@# Smooth1 lh Tue Jan 23 15:36:50 UTC 2018
#@# Smooth1 rh Tue Jan 23 15:37:02 UTC 2018
#@# Inflation1 lh Tue Jan 23 15:37:14 UTC 2018
#@# Inflation1 rh Tue Jan 23 15:38:25 UTC 2018
#@# QSphere lh Tue Jan 23 15:39:40 UTC 2018
#@# QSphere rh Tue Jan 23 15:47:24 UTC 2018
#@# Fix Topology Copy lh Tue Jan 23 15:55:03 UTC 2018
#@# Fix Topology Copy rh Tue Jan 23 15:55:03 UTC 2018
#@# Fix Topology lh Tue Jan 23 15:55:03 UTC 2018
#@# Fix Topology rh Tue Jan 23 17:28:16 UTC 2018
#@# Make White Surf lh Tue Jan 23 19:09:11 UTC 2018
#@# Make White Surf rh Tue Jan 23 19:18:09 UTC 2018
#@# Smooth2 lh Tue Jan 23 19:27:02 UTC 2018
#@# Smooth2 rh Tue Jan 23 19:27:13 UTC 2018
#@# Inflation2 lh Tue Jan 23 19:27:24 UTC 2018
#@# Inflation2 rh Tue Jan 23 19:28:28 UTC 2018
#@# Curv .H and .K lh Tue Jan 23 19:29:32 UTC 2018
#@# Curv .H and .K rh Tue Jan 23 19:32:19 UTC 2018
#@# Curvature Stats lh Tue Jan 23 19:34:59 UTC 2018
#@# Curvature Stats rh Tue Jan 23 19:35:06 UTC 2018
#@# Sphere lh Tue Jan 23 19:35:13 UTC 2018
#@# Sphere rh Tue Jan 23 21:06:55 UTC 2018
#@# Surf Reg lh Wed Jan 24 00:09:20 UTC 2018
#@# Surf Reg rh Wed Jan 24 02:09:55 UTC 2018
#@# Jacobian white lh Wed Jan 24 04:12:52 UTC 2018
#@# Jacobian white rh Wed Jan 24 04:12:56 UTC 2018
#@# AvgCurv lh Wed Jan 24 04:13:00 UTC 2018
#@# AvgCurv rh Wed Jan 24 04:13:03 UTC 2018
#@# Cortical Parc lh Wed Jan 24 04:13:07 UTC 2018
#@# Cortical Parc rh Wed Jan 24 04:13:40 UTC 2018
#@# Make Pial Surf lh Wed Jan 24 04:14:10 UTC 2018
#@# Make Pial Surf rh Wed Jan 24 04:47:22 UTC 2018
#@# Surf Volume lh Wed Jan 24 05:17:57 UTC 2018
#@# Surf Volume rh Wed Jan 24 05:18:03 UTC 2018
#@# Cortical ribbon mask Wed Jan 24 05:18:10 UTC 2018
#@# Parcellation Stats lh Wed Jan 24 05:43:35 UTC 2018
#@# Parcellation Stats rh Wed Jan 24 05:46:46 UTC 2018
#@# Cortical Parc 2 lh Wed Jan 24 05:49:56 UTC 2018
#@# Cortical Parc 2 rh Wed Jan 24 05:50:39 UTC 2018
#@# Parcellation Stats 2 lh Wed Jan 24 05:51:18 UTC 2018
#@# Parcellation Stats 2 rh Wed Jan 24 05:52:47 UTC 2018
#@# Cortical Parc 3 lh Wed Jan 24 05:54:14 UTC 2018
#@# Cortical Parc 3 rh Wed Jan 24 05:54:44 UTC 2018
#@# Parcellation Stats 3 lh Wed Jan 24 05:55:14 UTC 2018
#@# Parcellation Stats 3 rh Wed Jan 24 05:56:42 UTC 2018
#@# WM/GM Contrast lh Wed Jan 24 05:58:05 UTC 2018
#@# WM/GM Contrast rh Wed Jan 24 05:58:22 UTC 2018
#@# Relabel Hypointensities Wed Jan 24 05:58:36 UTC 2018
#@# AParc-to-ASeg aparc Wed Jan 24 05:59:23 UTC 2018
#@# AParc-to-ASeg a2009s Wed Jan 24 06:09:25 UTC 2018
#@# AParc-to-ASeg DKTatlas Wed Jan 24 06:19:31 UTC 2018
#@# APas-to-ASeg Wed Jan 24 06:28:45 UTC 2018
#@# ASeg Stats Wed Jan 24 06:28:58 UTC 2018
#@# WMParc Wed Jan 24 06:36:04 UTC 2018
#@# BA_exvivo Labels lh Wed Jan 24 06:55:36 UTC 2018
#@# BA_exvivo Labels rh Wed Jan 24 07:04:58 UTC 2018
recon-all -s 3225 finished without error at Wed Jan 24 07:14:08 UTC 2018
