status file for recon-all
Wed Jan 24 18:47:43 UTC 2018
#@# MotionCor Wed Jan 24 18:47:46 UTC 2018
#@# Talairach Wed Jan 24 18:48:02 UTC 2018
#@# Talairach Failure Detection Wed Jan 24 18:51:22 UTC 2018
#@# Nu Intensity Correction Wed Jan 24 18:51:22 UTC 2018
#@# Intensity Normalization Wed Jan 24 18:55:37 UTC 2018
#@# Skull Stripping Wed Jan 24 19:01:31 UTC 2018
#@# EM Registration Wed Jan 24 20:03:22 UTC 2018
#@# CA Normalize Wed Jan 24 20:40:01 UTC 2018
#@# CA Reg Wed Jan 24 20:43:40 UTC 2018
#@# SubCort Seg Thu Jan 25 03:43:52 UTC 2018
#@# Merge ASeg Thu Jan 25 07:08:18 UTC 2018
#@# Intensity Normalization2 Thu Jan 25 07:08:18 UTC 2018
#@# Mask BFS Thu Jan 25 07:17:13 UTC 2018
#@# WM Segmentation Thu Jan 25 07:17:18 UTC 2018
#@# Fill Thu Jan 25 07:22:59 UTC 2018
#@# Tessellate lh Thu Jan 25 07:24:59 UTC 2018
#@# Tessellate rh Thu Jan 25 07:25:14 UTC 2018
#@# Smooth1 lh Thu Jan 25 07:25:29 UTC 2018
#@# Smooth1 rh Thu Jan 25 07:25:42 UTC 2018
#@# Inflation1 lh Thu Jan 25 07:25:55 UTC 2018
#@# Inflation1 rh Thu Jan 25 07:27:13 UTC 2018
#@# QSphere lh Thu Jan 25 07:28:31 UTC 2018
#@# QSphere rh Thu Jan 25 07:36:47 UTC 2018
#@# Fix Topology Copy lh Thu Jan 25 07:44:48 UTC 2018
#@# Fix Topology Copy rh Thu Jan 25 07:44:48 UTC 2018
#@# Fix Topology lh Thu Jan 25 07:44:48 UTC 2018
#@# Fix Topology rh Thu Jan 25 10:29:35 UTC 2018
#@# Make White Surf lh Thu Jan 25 12:58:27 UTC 2018
#@# Make White Surf rh Thu Jan 25 13:09:38 UTC 2018
#@# Smooth2 lh Thu Jan 25 13:20:37 UTC 2018
#@# Smooth2 rh Thu Jan 25 13:20:53 UTC 2018
#@# Inflation2 lh Thu Jan 25 13:21:06 UTC 2018
#@# Inflation2 rh Thu Jan 25 13:22:28 UTC 2018
#@# Curv .H and .K lh Thu Jan 25 13:23:51 UTC 2018
#@# Curv .H and .K rh Thu Jan 25 13:27:09 UTC 2018
#@# Curvature Stats lh Thu Jan 25 13:30:28 UTC 2018
#@# Curvature Stats rh Thu Jan 25 13:30:37 UTC 2018
#@# Sphere lh Thu Jan 25 13:30:47 UTC 2018
#@# Sphere rh Thu Jan 25 15:21:45 UTC 2018
#@# Surf Reg lh Thu Jan 25 16:30:18 UTC 2018
#@# Surf Reg rh Thu Jan 25 18:41:09 UTC 2018
#@# Jacobian white lh Thu Jan 25 20:43:13 UTC 2018
#@# Jacobian white rh Thu Jan 25 20:43:17 UTC 2018
#@# AvgCurv lh Thu Jan 25 20:43:21 UTC 2018
#@# AvgCurv rh Thu Jan 25 20:43:24 UTC 2018
#@# Cortical Parc lh Thu Jan 25 20:43:27 UTC 2018
#@# Cortical Parc rh Thu Jan 25 20:43:58 UTC 2018
#@# Make Pial Surf lh Thu Jan 25 20:44:33 UTC 2018
#@# Make Pial Surf rh Thu Jan 25 21:18:12 UTC 2018
#@# Surf Volume lh Thu Jan 25 21:53:11 UTC 2018
#@# Surf Volume rh Thu Jan 25 21:53:17 UTC 2018
#@# Cortical ribbon mask Thu Jan 25 21:53:24 UTC 2018
#@# Parcellation Stats lh Thu Jan 25 22:17:01 UTC 2018
#@# Parcellation Stats rh Thu Jan 25 22:20:18 UTC 2018
#@# Cortical Parc 2 lh Thu Jan 25 22:23:36 UTC 2018
#@# Cortical Parc 2 rh Thu Jan 25 22:24:18 UTC 2018
#@# Parcellation Stats 2 lh Thu Jan 25 22:25:00 UTC 2018
#@# Parcellation Stats 2 rh Thu Jan 25 22:26:38 UTC 2018
#@# Cortical Parc 3 lh Thu Jan 25 22:28:19 UTC 2018
#@# Cortical Parc 3 rh Thu Jan 25 22:28:51 UTC 2018
#@# Parcellation Stats 3 lh Thu Jan 25 22:29:27 UTC 2018
#@# Parcellation Stats 3 rh Thu Jan 25 22:30:57 UTC 2018
#@# WM/GM Contrast lh Thu Jan 25 22:32:33 UTC 2018
#@# WM/GM Contrast rh Thu Jan 25 22:32:46 UTC 2018
#@# Relabel Hypointensities Thu Jan 25 22:33:00 UTC 2018
#@# AParc-to-ASeg aparc Thu Jan 25 22:33:55 UTC 2018
#@# AParc-to-ASeg a2009s Thu Jan 25 22:47:00 UTC 2018
#@# AParc-to-ASeg DKTatlas Thu Jan 25 22:59:47 UTC 2018
#@# APas-to-ASeg Thu Jan 25 23:11:27 UTC 2018
#@# ASeg Stats Thu Jan 25 23:11:41 UTC 2018
#@# WMParc Thu Jan 25 23:19:07 UTC 2018
#@# BA_exvivo Labels lh Thu Jan 25 23:37:32 UTC 2018
#@# BA_exvivo Labels rh Thu Jan 25 23:46:49 UTC 2018
recon-all -s 3410 finished without error at Thu Jan 25 23:56:09 UTC 2018
