status file for recon-all
Sun Jan 28 17:42:49 UTC 2018
#@# MotionCor Sun Jan 28 17:42:58 UTC 2018
#@# Talairach Sun Jan 28 17:43:27 UTC 2018
#@# Talairach Failure Detection Sun Jan 28 17:49:02 UTC 2018
#@# Nu Intensity Correction Sun Jan 28 17:49:02 UTC 2018
#@# Intensity Normalization Sun Jan 28 17:55:20 UTC 2018
#@# Skull Stripping Sun Jan 28 18:00:43 UTC 2018
#@# EM Registration Sun Jan 28 18:43:44 UTC 2018
#@# CA Normalize Sun Jan 28 19:31:09 UTC 2018
#@# CA Reg Sun Jan 28 19:34:50 UTC 2018
#@# SubCort Seg Mon Jan 29 02:27:01 UTC 2018
#@# Merge ASeg Mon Jan 29 04:51:54 UTC 2018
#@# Intensity Normalization2 Mon Jan 29 04:51:54 UTC 2018
#@# Mask BFS Mon Jan 29 05:00:33 UTC 2018
#@# WM Segmentation Mon Jan 29 05:00:38 UTC 2018
#@# Fill Mon Jan 29 05:05:55 UTC 2018
#@# Tessellate lh Mon Jan 29 05:07:46 UTC 2018
#@# Tessellate rh Mon Jan 29 05:08:00 UTC 2018
#@# Smooth1 lh Mon Jan 29 05:08:15 UTC 2018
#@# Smooth1 rh Mon Jan 29 05:08:26 UTC 2018
#@# Inflation1 lh Mon Jan 29 05:08:38 UTC 2018
#@# Inflation1 rh Mon Jan 29 05:09:46 UTC 2018
#@# QSphere lh Mon Jan 29 05:10:54 UTC 2018
#@# QSphere rh Mon Jan 29 05:18:03 UTC 2018
#@# Fix Topology Copy lh Mon Jan 29 05:25:46 UTC 2018
#@# Fix Topology Copy rh Mon Jan 29 05:25:46 UTC 2018
#@# Fix Topology lh Mon Jan 29 05:25:46 UTC 2018
#@# Fix Topology rh Mon Jan 29 06:46:26 UTC 2018
#@# Make White Surf lh Mon Jan 29 08:04:04 UTC 2018
#@# Make White Surf rh Mon Jan 29 08:14:30 UTC 2018
#@# Smooth2 lh Mon Jan 29 08:25:19 UTC 2018
#@# Smooth2 rh Mon Jan 29 08:25:32 UTC 2018
#@# Inflation2 lh Mon Jan 29 08:25:45 UTC 2018
#@# Inflation2 rh Mon Jan 29 08:26:58 UTC 2018
#@# Curv .H and .K lh Mon Jan 29 08:28:11 UTC 2018
#@# Curv .H and .K rh Mon Jan 29 08:31:04 UTC 2018
#@# Curvature Stats lh Mon Jan 29 08:33:59 UTC 2018
#@# Curvature Stats rh Mon Jan 29 08:34:08 UTC 2018
#@# Sphere lh Mon Jan 29 08:34:17 UTC 2018
#@# Sphere rh Mon Jan 29 10:12:43 UTC 2018
#@# Surf Reg lh Mon Jan 29 11:52:25 UTC 2018
#@# Surf Reg rh Mon Jan 29 13:36:35 UTC 2018
#@# Jacobian white lh Mon Jan 29 15:29:03 UTC 2018
#@# Jacobian white rh Mon Jan 29 15:29:07 UTC 2018
#@# AvgCurv lh Mon Jan 29 15:29:10 UTC 2018
#@# AvgCurv rh Mon Jan 29 15:29:14 UTC 2018
#@# Cortical Parc lh Mon Jan 29 15:29:17 UTC 2018
#@# Cortical Parc rh Mon Jan 29 15:29:45 UTC 2018
#@# Make Pial Surf lh Mon Jan 29 15:30:13 UTC 2018
#@# Make Pial Surf rh Mon Jan 29 15:59:22 UTC 2018
#@# Surf Volume lh Mon Jan 29 16:29:37 UTC 2018
#@# Surf Volume rh Mon Jan 29 16:29:43 UTC 2018
#@# Cortical ribbon mask Mon Jan 29 16:29:49 UTC 2018
#@# Parcellation Stats lh Mon Jan 29 16:58:14 UTC 2018
#@# Parcellation Stats rh Mon Jan 29 17:00:50 UTC 2018
#@# Cortical Parc 2 lh Mon Jan 29 17:03:33 UTC 2018
#@# Cortical Parc 2 rh Mon Jan 29 17:04:11 UTC 2018
#@# Parcellation Stats 2 lh Mon Jan 29 17:04:50 UTC 2018
#@# Parcellation Stats 2 rh Mon Jan 29 17:06:10 UTC 2018
#@# Cortical Parc 3 lh Mon Jan 29 17:07:32 UTC 2018
#@# Cortical Parc 3 rh Mon Jan 29 17:08:02 UTC 2018
#@# Parcellation Stats 3 lh Mon Jan 29 17:08:32 UTC 2018
#@# Parcellation Stats 3 rh Mon Jan 29 17:09:49 UTC 2018
#@# WM/GM Contrast lh Mon Jan 29 17:11:08 UTC 2018
#@# WM/GM Contrast rh Mon Jan 29 17:11:20 UTC 2018
#@# Relabel Hypointensities Mon Jan 29 17:11:33 UTC 2018
#@# AParc-to-ASeg aparc Mon Jan 29 17:12:23 UTC 2018
#@# AParc-to-ASeg a2009s Mon Jan 29 17:22:50 UTC 2018
#@# AParc-to-ASeg DKTatlas Mon Jan 29 17:32:48 UTC 2018
#@# APas-to-ASeg Mon Jan 29 17:42:57 UTC 2018
#@# ASeg Stats Mon Jan 29 17:43:11 UTC 2018
#@# WMParc Mon Jan 29 17:50:45 UTC 2018
#@# BA_exvivo Labels lh Mon Jan 29 18:09:44 UTC 2018
#@# BA_exvivo Labels rh Mon Jan 29 18:18:38 UTC 2018
recon-all -s 4021 finished without error at Mon Jan 29 18:27:28 UTC 2018
