status file for recon-all
Sun Jan 21 22:07:14 UTC 2018
#@# MotionCor Sun Jan 21 22:07:18 UTC 2018
#@# Talairach Sun Jan 21 22:07:39 UTC 2018
#@# Talairach Failure Detection Sun Jan 21 22:10:54 UTC 2018
#@# Nu Intensity Correction Sun Jan 21 22:10:54 UTC 2018
#@# Intensity Normalization Sun Jan 21 22:15:10 UTC 2018
#@# Skull Stripping Sun Jan 21 22:20:39 UTC 2018
#@# EM Registration Sun Jan 21 23:04:06 UTC 2018
#@# CA Normalize Sun Jan 21 23:55:19 UTC 2018
#@# CA Reg Sun Jan 21 23:58:59 UTC 2018
#@# SubCort Seg Mon Jan 22 07:15:53 UTC 2018
#@# Merge ASeg Mon Jan 22 09:36:43 UTC 2018
#@# Intensity Normalization2 Mon Jan 22 09:36:43 UTC 2018
#@# Mask BFS Mon Jan 22 09:45:07 UTC 2018
#@# WM Segmentation Mon Jan 22 09:45:12 UTC 2018
#@# Fill Mon Jan 22 09:49:46 UTC 2018
#@# Tessellate lh Mon Jan 22 09:51:32 UTC 2018
#@# Tessellate rh Mon Jan 22 09:51:48 UTC 2018
#@# Smooth1 lh Mon Jan 22 09:52:03 UTC 2018
#@# Smooth1 rh Mon Jan 22 09:52:15 UTC 2018
#@# Inflation1 lh Mon Jan 22 09:52:27 UTC 2018
#@# Inflation1 rh Mon Jan 22 09:53:42 UTC 2018
#@# QSphere lh Mon Jan 22 09:55:00 UTC 2018
#@# QSphere rh Mon Jan 22 10:02:45 UTC 2018
#@# Fix Topology Copy lh Mon Jan 22 10:10:52 UTC 2018
#@# Fix Topology Copy rh Mon Jan 22 10:10:52 UTC 2018
#@# Fix Topology lh Mon Jan 22 10:10:52 UTC 2018
#@# Fix Topology rh Mon Jan 22 11:08:53 UTC 2018
#@# Make White Surf lh Mon Jan 22 12:00:16 UTC 2018
#@# Make White Surf rh Mon Jan 22 12:12:04 UTC 2018
#@# Smooth2 lh Mon Jan 22 12:24:04 UTC 2018
#@# Smooth2 rh Mon Jan 22 12:24:16 UTC 2018
#@# Inflation2 lh Mon Jan 22 12:24:28 UTC 2018
#@# Inflation2 rh Mon Jan 22 12:25:47 UTC 2018
#@# Curv .H and .K lh Mon Jan 22 12:27:06 UTC 2018
#@# Curv .H and .K rh Mon Jan 22 12:30:09 UTC 2018
#@# Curvature Stats lh Mon Jan 22 12:33:11 UTC 2018
#@# Curvature Stats rh Mon Jan 22 12:33:20 UTC 2018
#@# Sphere lh Mon Jan 22 12:33:28 UTC 2018
#@# Sphere rh Mon Jan 22 14:56:53 UTC 2018
#@# Surf Reg lh Mon Jan 22 16:36:14 UTC 2018
#@# Surf Reg rh Mon Jan 22 18:36:17 UTC 2018
#@# Jacobian white lh Mon Jan 22 20:34:42 UTC 2018
#@# Jacobian white rh Mon Jan 22 20:34:46 UTC 2018
#@# AvgCurv lh Mon Jan 22 20:34:50 UTC 2018
#@# AvgCurv rh Mon Jan 22 20:34:54 UTC 2018
#@# Cortical Parc lh Mon Jan 22 20:34:57 UTC 2018
#@# Cortical Parc rh Mon Jan 22 20:35:30 UTC 2018
#@# Make Pial Surf lh Mon Jan 22 20:36:03 UTC 2018
#@# Make Pial Surf rh Mon Jan 22 21:05:54 UTC 2018
#@# Surf Volume lh Mon Jan 22 21:34:45 UTC 2018
#@# Surf Volume rh Mon Jan 22 21:34:51 UTC 2018
#@# Cortical ribbon mask Mon Jan 22 21:34:58 UTC 2018
#@# Parcellation Stats lh Mon Jan 22 22:05:26 UTC 2018
#@# Parcellation Stats rh Mon Jan 22 22:07:58 UTC 2018
#@# Cortical Parc 2 lh Mon Jan 22 22:10:34 UTC 2018
#@# Cortical Parc 2 rh Mon Jan 22 22:11:09 UTC 2018
#@# Parcellation Stats 2 lh Mon Jan 22 22:11:45 UTC 2018
#@# Parcellation Stats 2 rh Mon Jan 22 22:13:05 UTC 2018
#@# Cortical Parc 3 lh Mon Jan 22 22:14:25 UTC 2018
#@# Cortical Parc 3 rh Mon Jan 22 22:14:54 UTC 2018
#@# Parcellation Stats 3 lh Mon Jan 22 22:15:24 UTC 2018
#@# Parcellation Stats 3 rh Mon Jan 22 22:16:42 UTC 2018
#@# WM/GM Contrast lh Mon Jan 22 22:18:01 UTC 2018
#@# WM/GM Contrast rh Mon Jan 22 22:18:12 UTC 2018
#@# Relabel Hypointensities Mon Jan 22 22:18:23 UTC 2018
#@# AParc-to-ASeg aparc Mon Jan 22 22:19:06 UTC 2018
#@# AParc-to-ASeg a2009s Mon Jan 22 22:27:37 UTC 2018
#@# AParc-to-ASeg DKTatlas Mon Jan 22 22:35:54 UTC 2018
#@# APas-to-ASeg Mon Jan 22 22:44:15 UTC 2018
#@# ASeg Stats Mon Jan 22 22:44:26 UTC 2018
#@# WMParc Mon Jan 22 22:49:26 UTC 2018
#@# BA_exvivo Labels lh Mon Jan 22 23:07:33 UTC 2018
#@# BA_exvivo Labels rh Mon Jan 22 23:17:10 UTC 2018
recon-all -s 3077 finished without error at Mon Jan 22 23:26:52 UTC 2018
