status file for recon-all
Sat Jan 27 01:11:59 UTC 2018
#@# MotionCor Sat Jan 27 01:12:06 UTC 2018
#@# Talairach Sat Jan 27 01:12:28 UTC 2018
#@# Talairach Failure Detection Sat Jan 27 01:16:28 UTC 2018
#@# Nu Intensity Correction Sat Jan 27 01:16:28 UTC 2018
#@# Intensity Normalization Sat Jan 27 01:21:51 UTC 2018
#@# Skull Stripping Sat Jan 27 01:27:24 UTC 2018
#@# EM Registration Sat Jan 27 02:12:28 UTC 2018
#@# CA Normalize Sat Jan 27 02:53:49 UTC 2018
#@# CA Reg Sat Jan 27 02:57:24 UTC 2018
#@# SubCort Seg Sat Jan 27 11:00:55 UTC 2018
#@# Merge ASeg Sat Jan 27 14:06:25 UTC 2018
#@# Intensity Normalization2 Sat Jan 27 14:06:25 UTC 2018
#@# Mask BFS Sat Jan 27 14:15:28 UTC 2018
#@# WM Segmentation Sat Jan 27 14:15:34 UTC 2018
#@# Fill Sat Jan 27 14:21:28 UTC 2018
#@# Tessellate lh Sat Jan 27 14:23:37 UTC 2018
#@# Tessellate rh Sat Jan 27 14:23:54 UTC 2018
#@# Smooth1 lh Sat Jan 27 14:24:09 UTC 2018
#@# Smooth1 rh Sat Jan 27 14:24:20 UTC 2018
#@# Inflation1 lh Sat Jan 27 14:24:33 UTC 2018
#@# Inflation1 rh Sat Jan 27 14:25:50 UTC 2018
#@# QSphere lh Sat Jan 27 14:27:08 UTC 2018
#@# QSphere rh Sat Jan 27 14:35:52 UTC 2018
#@# Fix Topology Copy lh Sat Jan 27 14:44:09 UTC 2018
#@# Fix Topology Copy rh Sat Jan 27 14:44:09 UTC 2018
#@# Fix Topology lh Sat Jan 27 14:44:10 UTC 2018
#@# Fix Topology rh Sat Jan 27 15:27:59 UTC 2018
#@# Make White Surf lh Sat Jan 27 16:14:01 UTC 2018
#@# Make White Surf rh Sat Jan 27 16:25:07 UTC 2018
#@# Smooth2 lh Sat Jan 27 16:35:53 UTC 2018
#@# Smooth2 rh Sat Jan 27 16:36:06 UTC 2018
#@# Inflation2 lh Sat Jan 27 16:36:18 UTC 2018
#@# Inflation2 rh Sat Jan 27 16:37:38 UTC 2018
#@# Curv .H and .K lh Sat Jan 27 16:38:59 UTC 2018
#@# Curv .H and .K rh Sat Jan 27 16:42:04 UTC 2018
#@# Curvature Stats lh Sat Jan 27 16:45:11 UTC 2018
#@# Curvature Stats rh Sat Jan 27 16:45:19 UTC 2018
#@# Sphere lh Sat Jan 27 16:45:28 UTC 2018
#@# Sphere rh Sat Jan 27 18:23:49 UTC 2018
#@# Surf Reg lh Sat Jan 27 20:11:49 UTC 2018
#@# Surf Reg rh Sat Jan 27 22:11:42 UTC 2018
#@# Jacobian white lh Sun Jan 28 00:47:55 UTC 2018
#@# Jacobian white rh Sun Jan 28 00:48:00 UTC 2018
#@# AvgCurv lh Sun Jan 28 00:48:05 UTC 2018
#@# AvgCurv rh Sun Jan 28 00:48:08 UTC 2018
#@# Cortical Parc lh Sun Jan 28 00:48:12 UTC 2018
#@# Cortical Parc rh Sun Jan 28 00:48:49 UTC 2018
#@# Make Pial Surf lh Sun Jan 28 00:49:29 UTC 2018
#@# Make Pial Surf rh Sun Jan 28 01:21:17 UTC 2018
#@# Surf Volume lh Sun Jan 28 01:53:50 UTC 2018
#@# Surf Volume rh Sun Jan 28 01:53:58 UTC 2018
#@# Cortical ribbon mask Sun Jan 28 01:54:05 UTC 2018
#@# Parcellation Stats lh Sun Jan 28 02:21:41 UTC 2018
#@# Parcellation Stats rh Sun Jan 28 02:24:54 UTC 2018
#@# Cortical Parc 2 lh Sun Jan 28 02:28:09 UTC 2018
#@# Cortical Parc 2 rh Sun Jan 28 02:28:52 UTC 2018
#@# Parcellation Stats 2 lh Sun Jan 28 02:29:34 UTC 2018
#@# Parcellation Stats 2 rh Sun Jan 28 02:31:11 UTC 2018
#@# Cortical Parc 3 lh Sun Jan 28 02:32:47 UTC 2018
#@# Cortical Parc 3 rh Sun Jan 28 02:33:21 UTC 2018
#@# Parcellation Stats 3 lh Sun Jan 28 02:33:54 UTC 2018
#@# Parcellation Stats 3 rh Sun Jan 28 02:35:32 UTC 2018
#@# WM/GM Contrast lh Sun Jan 28 02:37:10 UTC 2018
#@# WM/GM Contrast rh Sun Jan 28 02:37:25 UTC 2018
#@# Relabel Hypointensities Sun Jan 28 02:37:40 UTC 2018
#@# AParc-to-ASeg aparc Sun Jan 28 02:38:44 UTC 2018
#@# AParc-to-ASeg a2009s Sun Jan 28 02:50:22 UTC 2018
#@# AParc-to-ASeg DKTatlas Sun Jan 28 03:00:44 UTC 2018
#@# APas-to-ASeg Sun Jan 28 03:11:20 UTC 2018
#@# ASeg Stats Sun Jan 28 03:11:37 UTC 2018
#@# WMParc Sun Jan 28 03:21:13 UTC 2018
#@# BA_exvivo Labels lh Sun Jan 28 03:42:55 UTC 2018
#@# BA_exvivo Labels rh Sun Jan 28 03:52:22 UTC 2018
recon-all -s 3603 finished without error at Sun Jan 28 04:01:57 UTC 2018
