status file for recon-all
Tue Jan 23 03:28:44 UTC 2018
#@# MotionCor Tue Jan 23 03:28:47 UTC 2018
#@# Talairach Tue Jan 23 03:29:04 UTC 2018
#@# Talairach Failure Detection Tue Jan 23 03:33:22 UTC 2018
#@# Nu Intensity Correction Tue Jan 23 03:33:22 UTC 2018
#@# Intensity Normalization Tue Jan 23 03:37:44 UTC 2018
#@# Skull Stripping Tue Jan 23 03:42:09 UTC 2018
#@# EM Registration Tue Jan 23 04:18:56 UTC 2018
#@# CA Normalize Tue Jan 23 05:05:03 UTC 2018
#@# CA Reg Tue Jan 23 05:08:13 UTC 2018
#@# SubCort Seg Tue Jan 23 11:57:33 UTC 2018
#@# Merge ASeg Tue Jan 23 15:02:45 UTC 2018
#@# Intensity Normalization2 Tue Jan 23 15:02:45 UTC 2018
#@# Mask BFS Tue Jan 23 15:09:43 UTC 2018
#@# WM Segmentation Tue Jan 23 15:09:47 UTC 2018
#@# Fill Tue Jan 23 15:13:30 UTC 2018
#@# Tessellate lh Tue Jan 23 15:15:16 UTC 2018
#@# Tessellate rh Tue Jan 23 15:15:28 UTC 2018
#@# Smooth1 lh Tue Jan 23 15:15:41 UTC 2018
#@# Smooth1 rh Tue Jan 23 15:15:47 UTC 2018
#@# Inflation1 lh Tue Jan 23 15:15:54 UTC 2018
#@# Inflation1 rh Tue Jan 23 15:16:34 UTC 2018
#@# QSphere lh Tue Jan 23 15:17:21 UTC 2018
#@# QSphere rh Tue Jan 23 15:21:29 UTC 2018
#@# Fix Topology Copy lh Tue Jan 23 15:26:32 UTC 2018
#@# Fix Topology Copy rh Tue Jan 23 15:26:32 UTC 2018
#@# Fix Topology lh Tue Jan 23 15:26:32 UTC 2018
#@# Fix Topology rh Tue Jan 23 17:12:47 UTC 2018
#@# Make White Surf lh Wed Jan 24 00:14:06 UTC 2018
#@# Make White Surf rh Wed Jan 24 00:20:20 UTC 2018
#@# Smooth2 lh Wed Jan 24 00:28:09 UTC 2018
#@# Smooth2 rh Wed Jan 24 00:28:14 UTC 2018
#@# Inflation2 lh Wed Jan 24 00:28:20 UTC 2018
#@# Inflation2 rh Wed Jan 24 00:28:54 UTC 2018
#@# Curv .H and .K lh Wed Jan 24 00:29:33 UTC 2018
#@# Curv .H and .K rh Wed Jan 24 00:30:56 UTC 2018
#@# Curvature Stats lh Wed Jan 24 00:32:32 UTC 2018
#@# Curvature Stats rh Wed Jan 24 00:32:36 UTC 2018
#@# Sphere lh Wed Jan 24 00:32:40 UTC 2018
#@# Sphere rh Wed Jan 24 01:26:37 UTC 2018
#@# Surf Reg lh Wed Jan 24 02:20:21 UTC 2018
#@# Surf Reg rh Wed Jan 24 03:06:20 UTC 2018
#@# Jacobian white lh Wed Jan 24 03:56:06 UTC 2018
#@# Jacobian white rh Wed Jan 24 03:56:08 UTC 2018
#@# AvgCurv lh Wed Jan 24 03:56:10 UTC 2018
#@# AvgCurv rh Wed Jan 24 03:56:12 UTC 2018
#@# Cortical Parc lh Wed Jan 24 03:56:14 UTC 2018
#@# Cortical Parc rh Wed Jan 24 03:56:33 UTC 2018
#@# Make Pial Surf lh Wed Jan 24 03:56:53 UTC 2018
#@# Make Pial Surf rh Wed Jan 24 04:10:29 UTC 2018
#@# Surf Volume lh Wed Jan 24 04:26:21 UTC 2018
#@# Surf Volume rh Wed Jan 24 04:26:25 UTC 2018
#@# Cortical ribbon mask Wed Jan 24 04:26:28 UTC 2018
#@# Parcellation Stats lh Wed Jan 24 04:31:49 UTC 2018
#@# Parcellation Stats rh Wed Jan 24 04:33:42 UTC 2018
#@# Cortical Parc 2 lh Wed Jan 24 04:35:41 UTC 2018
#@# Cortical Parc 2 rh Wed Jan 24 04:36:07 UTC 2018
#@# Parcellation Stats 2 lh Wed Jan 24 04:36:33 UTC 2018
#@# Parcellation Stats 2 rh Wed Jan 24 04:37:31 UTC 2018
#@# Cortical Parc 3 lh Wed Jan 24 04:38:30 UTC 2018
#@# Cortical Parc 3 rh Wed Jan 24 04:38:49 UTC 2018
#@# Parcellation Stats 3 lh Wed Jan 24 04:39:10 UTC 2018
#@# Parcellation Stats 3 rh Wed Jan 24 04:40:04 UTC 2018
#@# WM/GM Contrast lh Wed Jan 24 04:41:01 UTC 2018
#@# WM/GM Contrast rh Wed Jan 24 04:41:08 UTC 2018
#@# Relabel Hypointensities Wed Jan 24 04:41:15 UTC 2018
#@# AParc-to-ASeg aparc Wed Jan 24 04:41:59 UTC 2018
#@# AParc-to-ASeg a2009s Wed Jan 24 04:53:27 UTC 2018
#@# AParc-to-ASeg DKTatlas Wed Jan 24 05:04:58 UTC 2018
#@# APas-to-ASeg Wed Jan 24 05:16:14 UTC 2018
#@# ASeg Stats Wed Jan 24 05:16:29 UTC 2018
#@# WMParc Wed Jan 24 05:23:34 UTC 2018
#@# BA_exvivo Labels lh Wed Jan 24 06:04:58 UTC 2018
#@# BA_exvivo Labels rh Wed Jan 24 06:11:33 UTC 2018
recon-all -s 3227 finished without error at Wed Jan 24 06:18:36 UTC 2018
