status file for recon-all
Sat Jan 27 01:13:26 UTC 2018
#@# MotionCor Sat Jan 27 01:13:29 UTC 2018
#@# Talairach Sat Jan 27 01:13:47 UTC 2018
#@# Talairach Failure Detection Sat Jan 27 01:18:23 UTC 2018
#@# Nu Intensity Correction Sat Jan 27 01:18:23 UTC 2018
#@# Intensity Normalization Sat Jan 27 01:23:46 UTC 2018
#@# Skull Stripping Sat Jan 27 01:29:39 UTC 2018
#@# EM Registration Sat Jan 27 02:19:31 UTC 2018
#@# CA Normalize Sat Jan 27 02:55:03 UTC 2018
#@# CA Reg Sat Jan 27 02:58:29 UTC 2018
#@# SubCort Seg Sat Jan 27 11:31:56 UTC 2018
#@# Merge ASeg Sat Jan 27 14:03:33 UTC 2018
#@# Intensity Normalization2 Sat Jan 27 14:03:33 UTC 2018
#@# Mask BFS Sat Jan 27 14:12:05 UTC 2018
#@# WM Segmentation Sat Jan 27 14:12:10 UTC 2018
#@# Fill Sat Jan 27 14:17:20 UTC 2018
#@# Tessellate lh Sat Jan 27 14:19:26 UTC 2018
#@# Tessellate rh Sat Jan 27 14:19:41 UTC 2018
#@# Smooth1 lh Sat Jan 27 14:19:57 UTC 2018
#@# Smooth1 rh Sat Jan 27 14:20:10 UTC 2018
#@# Inflation1 lh Sat Jan 27 14:20:23 UTC 2018
#@# Inflation1 rh Sat Jan 27 14:21:37 UTC 2018
#@# QSphere lh Sat Jan 27 14:22:52 UTC 2018
#@# QSphere rh Sat Jan 27 14:32:03 UTC 2018
#@# Fix Topology Copy lh Sat Jan 27 14:42:18 UTC 2018
#@# Fix Topology Copy rh Sat Jan 27 14:42:19 UTC 2018
#@# Fix Topology lh Sat Jan 27 14:42:19 UTC 2018
#@# Fix Topology rh Sat Jan 27 15:17:44 UTC 2018
#@# Make White Surf lh Sat Jan 27 15:38:08 UTC 2018
#@# Make White Surf rh Sat Jan 27 15:49:33 UTC 2018
#@# Smooth2 lh Sat Jan 27 16:00:57 UTC 2018
#@# Smooth2 rh Sat Jan 27 16:01:10 UTC 2018
#@# Inflation2 lh Sat Jan 27 16:01:23 UTC 2018
#@# Inflation2 rh Sat Jan 27 16:02:39 UTC 2018
#@# Curv .H and .K lh Sat Jan 27 16:03:53 UTC 2018
#@# Curv .H and .K rh Sat Jan 27 16:06:59 UTC 2018
#@# Curvature Stats lh Sat Jan 27 16:10:03 UTC 2018
#@# Curvature Stats rh Sat Jan 27 16:10:12 UTC 2018
#@# Sphere lh Sat Jan 27 16:10:21 UTC 2018
#@# Sphere rh Sat Jan 27 18:12:34 UTC 2018
#@# Surf Reg lh Sat Jan 27 19:44:21 UTC 2018
#@# Surf Reg rh Sat Jan 27 21:20:37 UTC 2018
#@# Jacobian white lh Sat Jan 27 23:13:12 UTC 2018
#@# Jacobian white rh Sat Jan 27 23:13:18 UTC 2018
#@# AvgCurv lh Sat Jan 27 23:13:22 UTC 2018
#@# AvgCurv rh Sat Jan 27 23:13:27 UTC 2018
#@# Cortical Parc lh Sat Jan 27 23:13:31 UTC 2018
#@# Cortical Parc rh Sat Jan 27 23:14:16 UTC 2018
#@# Make Pial Surf lh Sat Jan 27 23:14:56 UTC 2018
#@# Make Pial Surf rh Sat Jan 27 23:50:50 UTC 2018
#@# Surf Volume lh Sun Jan 28 00:25:54 UTC 2018
#@# Surf Volume rh Sun Jan 28 00:26:02 UTC 2018
#@# Cortical ribbon mask Sun Jan 28 00:26:11 UTC 2018
#@# Parcellation Stats lh Sun Jan 28 00:57:58 UTC 2018
#@# Parcellation Stats rh Sun Jan 28 01:01:31 UTC 2018
#@# Cortical Parc 2 lh Sun Jan 28 01:04:56 UTC 2018
#@# Cortical Parc 2 rh Sun Jan 28 01:05:42 UTC 2018
#@# Parcellation Stats 2 lh Sun Jan 28 01:06:25 UTC 2018
#@# Parcellation Stats 2 rh Sun Jan 28 01:08:04 UTC 2018
#@# Cortical Parc 3 lh Sun Jan 28 01:09:46 UTC 2018
#@# Cortical Parc 3 rh Sun Jan 28 01:10:23 UTC 2018
#@# Parcellation Stats 3 lh Sun Jan 28 01:10:58 UTC 2018
#@# Parcellation Stats 3 rh Sun Jan 28 01:12:40 UTC 2018
#@# WM/GM Contrast lh Sun Jan 28 01:14:21 UTC 2018
#@# WM/GM Contrast rh Sun Jan 28 01:14:34 UTC 2018
#@# Relabel Hypointensities Sun Jan 28 01:14:46 UTC 2018
#@# AParc-to-ASeg aparc Sun Jan 28 01:15:46 UTC 2018
#@# AParc-to-ASeg a2009s Sun Jan 28 01:26:04 UTC 2018
#@# AParc-to-ASeg DKTatlas Sun Jan 28 01:36:28 UTC 2018
#@# APas-to-ASeg Sun Jan 28 01:46:35 UTC 2018
#@# ASeg Stats Sun Jan 28 01:46:52 UTC 2018
#@# WMParc Sun Jan 28 01:58:40 UTC 2018
#@# BA_exvivo Labels lh Sun Jan 28 02:28:30 UTC 2018
#@# BA_exvivo Labels rh Sun Jan 28 02:39:56 UTC 2018
recon-all -s 3658 finished without error at Sun Jan 28 02:51:33 UTC 2018
